{"C:\\software\\cyberdocgen\\server\\services\\complianceGapAnalysis.ts": {"path":"C:\\software\\cyberdocgen\\server\\services\\complianceGapAnalysis.ts","all":false,"statementMap":{"0":{"start":{"line":1,"column":0},"end":{"line":1,"column":50}},"1":{"start":{"line":2,"column":0},"end":{"line":2,"column":41}},"51":{"start":{"line":52,"column":0},"end":{"line":52,"column":36}},"52":{"start":{"line":53,"column":0},"end":{"line":53,"column":87}},"54":{"start":{"line":55,"column":0},"end":{"line":55,"column":17}},"55":{"start":{"line":56,"column":0},"end":{"line":56,"column":42}},"56":{"start":{"line":57,"column":0},"end":{"line":57,"column":3}},"58":{"start":{"line":59,"column":0},"end":{"line":59,"column":44}},"60":{"start":{"line":61,"column":0},"end":{"line":61,"column":47}},"61":{"start":{"line":62,"column":0},"end":{"line":62,"column":21}},"62":{"start":{"line":63,"column":0},"end":{"line":63,"column":29}},"63":{"start":{"line":64,"column":0},"end":{"line":64,"column":22}},"64":{"start":{"line":65,"column":0},"end":{"line":65,"column":17}},"65":{"start":{"line":66,"column":0},"end":{"line":66,"column":9}},"66":{"start":{"line":67,"column":0},"end":{"line":67,"column":22}},"67":{"start":{"line":68,"column":0},"end":{"line":68,"column":49}},"68":{"start":{"line":69,"column":0},"end":{"line":69,"column":290}},"69":{"start":{"line":70,"column":0},"end":{"line":70,"column":46}},"70":{"start":{"line":71,"column":0},"end":{"line":71,"column":25}},"71":{"start":{"line":72,"column":0},"end":{"line":72,"column":53}},"72":{"start":{"line":73,"column":0},"end":{"line":73,"column":50}},"73":{"start":{"line":74,"column":0},"end":{"line":74,"column":41}},"74":{"start":{"line":75,"column":0},"end":{"line":75,"column":44}},"75":{"start":{"line":76,"column":0},"end":{"line":76,"column":12}},"76":{"start":{"line":77,"column":0},"end":{"line":77,"column":112}},"77":{"start":{"line":78,"column":0},"end":{"line":78,"column":28}},"78":{"start":{"line":79,"column":0},"end":{"line":79,"column":163}},"79":{"start":{"line":80,"column":0},"end":{"line":80,"column":10}},"80":{"start":{"line":81,"column":0},"end":{"line":81,"column":9}},"81":{"start":{"line":82,"column":0},"end":{"line":82,"column":22}},"82":{"start":{"line":83,"column":0},"end":{"line":83,"column":67}},"83":{"start":{"line":84,"column":0},"end":{"line":84,"column":141}},"84":{"start":{"line":85,"column":0},"end":{"line":85,"column":46}},"85":{"start":{"line":86,"column":0},"end":{"line":86,"column":25}},"86":{"start":{"line":87,"column":0},"end":{"line":87,"column":58}},"87":{"start":{"line":88,"column":0},"end":{"line":88,"column":44}},"88":{"start":{"line":89,"column":0},"end":{"line":89,"column":35}},"89":{"start":{"line":90,"column":0},"end":{"line":90,"column":35}},"90":{"start":{"line":91,"column":0},"end":{"line":91,"column":12}},"91":{"start":{"line":92,"column":0},"end":{"line":92,"column":110}},"92":{"start":{"line":93,"column":0},"end":{"line":93,"column":30}},"93":{"start":{"line":94,"column":0},"end":{"line":94,"column":130}},"94":{"start":{"line":95,"column":0},"end":{"line":95,"column":9}},"96":{"start":{"line":97,"column":0},"end":{"line":97,"column":8}},"97":{"start":{"line":98,"column":0},"end":{"line":98,"column":112}},"98":{"start":{"line":99,"column":0},"end":{"line":99,"column":83}},"99":{"start":{"line":100,"column":0},"end":{"line":100,"column":7}},"102":{"start":{"line":103,"column":0},"end":{"line":103,"column":43}},"103":{"start":{"line":104,"column":0},"end":{"line":104,"column":17}},"104":{"start":{"line":105,"column":0},"end":{"line":105,"column":28}},"105":{"start":{"line":106,"column":0},"end":{"line":106,"column":22}},"106":{"start":{"line":107,"column":0},"end":{"line":107,"column":17}},"107":{"start":{"line":108,"column":0},"end":{"line":108,"column":9}},"108":{"start":{"line":109,"column":0},"end":{"line":109,"column":22}},"109":{"start":{"line":110,"column":0},"end":{"line":110,"column":97}},"110":{"start":{"line":111,"column":0},"end":{"line":111,"column":95}},"111":{"start":{"line":112,"column":0},"end":{"line":112,"column":42}},"112":{"start":{"line":113,"column":0},"end":{"line":113,"column":25}},"113":{"start":{"line":114,"column":0},"end":{"line":114,"column":47}},"114":{"start":{"line":115,"column":0},"end":{"line":115,"column":51}},"115":{"start":{"line":116,"column":0},"end":{"line":116,"column":37}},"116":{"start":{"line":117,"column":0},"end":{"line":117,"column":40}},"117":{"start":{"line":118,"column":0},"end":{"line":118,"column":12}},"118":{"start":{"line":119,"column":0},"end":{"line":119,"column":118}},"119":{"start":{"line":120,"column":0},"end":{"line":120,"column":28}},"120":{"start":{"line":121,"column":0},"end":{"line":121,"column":115}},"121":{"start":{"line":122,"column":0},"end":{"line":122,"column":9}},"122":{"start":{"line":123,"column":0},"end":{"line":123,"column":8}},"123":{"start":{"line":124,"column":0},"end":{"line":124,"column":128}},"124":{"start":{"line":125,"column":0},"end":{"line":125,"column":81}},"125":{"start":{"line":126,"column":0},"end":{"line":126,"column":7}},"126":{"start":{"line":127,"column":0},"end":{"line":127,"column":3}},"128":{"start":{"line":129,"column":0},"end":{"line":129,"column":30}},"129":{"start":{"line":130,"column":0},"end":{"line":130,"column":27}},"130":{"start":{"line":131,"column":0},"end":{"line":131,"column":35}},"131":{"start":{"line":132,"column":0},"end":{"line":132,"column":31}},"132":{"start":{"line":133,"column":0},"end":{"line":133,"column":33}},"133":{"start":{"line":134,"column":0},"end":{"line":134,"column":9}},"134":{"start":{"line":135,"column":0},"end":{"line":135,"column":56}},"135":{"start":{"line":136,"column":0},"end":{"line":136,"column":24}},"136":{"start":{"line":137,"column":0},"end":{"line":137,"column":37}},"137":{"start":{"line":138,"column":0},"end":{"line":138,"column":9}},"139":{"start":{"line":140,"column":0},"end":{"line":140,"column":73}},"140":{"start":{"line":141,"column":0},"end":{"line":141,"column":23}},"141":{"start":{"line":142,"column":0},"end":{"line":142,"column":72}},"142":{"start":{"line":143,"column":0},"end":{"line":143,"column":7}},"145":{"start":{"line":146,"column":0},"end":{"line":146,"column":93}},"147":{"start":{"line":148,"column":0},"end":{"line":148,"column":63}},"148":{"start":{"line":149,"column":0},"end":{"line":149,"column":31}},"149":{"start":{"line":150,"column":0},"end":{"line":150,"column":68}},"150":{"start":{"line":151,"column":0},"end":{"line":151,"column":70}},"151":{"start":{"line":152,"column":0},"end":{"line":152,"column":23}},"152":{"start":{"line":153,"column":0},"end":{"line":153,"column":9}},"155":{"start":{"line":156,"column":0},"end":{"line":156,"column":104}},"158":{"start":{"line":159,"column":0},"end":{"line":159,"column":85}},"161":{"start":{"line":162,"column":0},"end":{"line":162,"column":76}},"162":{"start":{"line":163,"column":0},"end":{"line":163,"column":35}},"163":{"start":{"line":164,"column":0},"end":{"line":164,"column":23}},"164":{"start":{"line":165,"column":0},"end":{"line":165,"column":25}},"165":{"start":{"line":166,"column":0},"end":{"line":166,"column":8}},"168":{"start":{"line":169,"column":0},"end":{"line":169,"column":71}},"169":{"start":{"line":170,"column":0},"end":{"line":170,"column":46}},"170":{"start":{"line":171,"column":0},"end":{"line":171,"column":65}},"171":{"start":{"line":172,"column":0},"end":{"line":172,"column":25}},"172":{"start":{"line":173,"column":0},"end":{"line":173,"column":25}},"173":{"start":{"line":174,"column":0},"end":{"line":174,"column":37}},"174":{"start":{"line":175,"column":0},"end":{"line":175,"column":27}},"175":{"start":{"line":176,"column":0},"end":{"line":176,"column":10}},"176":{"start":{"line":177,"column":0},"end":{"line":177,"column":7}},"179":{"start":{"line":180,"column":0},"end":{"line":180,"column":61}},"180":{"start":{"line":181,"column":0},"end":{"line":181,"column":35}},"181":{"start":{"line":182,"column":0},"end":{"line":182,"column":24}},"182":{"start":{"line":183,"column":0},"end":{"line":183,"column":20}},"183":{"start":{"line":184,"column":0},"end":{"line":184,"column":8}},"185":{"start":{"line":186,"column":0},"end":{"line":186,"column":41}},"186":{"start":{"line":187,"column":0},"end":{"line":187,"column":17}},"187":{"start":{"line":188,"column":0},"end":{"line":188,"column":25}},"188":{"start":{"line":189,"column":0},"end":{"line":189,"column":39}},"189":{"start":{"line":190,"column":0},"end":{"line":190,"column":23}},"190":{"start":{"line":191,"column":0},"end":{"line":191,"column":30}},"191":{"start":{"line":192,"column":0},"end":{"line":192,"column":21}},"192":{"start":{"line":193,"column":0},"end":{"line":193,"column":37}},"193":{"start":{"line":194,"column":0},"end":{"line":194,"column":48}},"194":{"start":{"line":195,"column":0},"end":{"line":195,"column":63}},"195":{"start":{"line":196,"column":0},"end":{"line":196,"column":11}},"196":{"start":{"line":197,"column":0},"end":{"line":197,"column":10}},"197":{"start":{"line":198,"column":0},"end":{"line":198,"column":45}},"198":{"start":{"line":199,"column":0},"end":{"line":199,"column":24}},"199":{"start":{"line":200,"column":0},"end":{"line":200,"column":27}},"200":{"start":{"line":201,"column":0},"end":{"line":201,"column":24}},"201":{"start":{"line":202,"column":0},"end":{"line":202,"column":8}},"203":{"start":{"line":204,"column":0},"end":{"line":204,"column":57}},"204":{"start":{"line":205,"column":0},"end":{"line":205,"column":24}},"205":{"start":{"line":206,"column":0},"end":{"line":206,"column":21}},"206":{"start":{"line":207,"column":0},"end":{"line":207,"column":57}},"207":{"start":{"line":208,"column":0},"end":{"line":208,"column":52}},"208":{"start":{"line":209,"column":0},"end":{"line":209,"column":9}},"210":{"start":{"line":211,"column":0},"end":{"line":211,"column":20}},"212":{"start":{"line":213,"column":0},"end":{"line":213,"column":21}},"213":{"start":{"line":214,"column":0},"end":{"line":214,"column":57}},"214":{"start":{"line":215,"column":0},"end":{"line":215,"column":24}},"215":{"start":{"line":216,"column":0},"end":{"line":216,"column":37}},"216":{"start":{"line":217,"column":0},"end":{"line":217,"column":69}},"217":{"start":{"line":218,"column":0},"end":{"line":218,"column":9}},"218":{"start":{"line":219,"column":0},"end":{"line":219,"column":18}},"219":{"start":{"line":220,"column":0},"end":{"line":220,"column":5}},"220":{"start":{"line":221,"column":0},"end":{"line":221,"column":3}},"222":{"start":{"line":223,"column":0},"end":{"line":223,"column":33}},"223":{"start":{"line":224,"column":0},"end":{"line":224,"column":35}},"224":{"start":{"line":225,"column":0},"end":{"line":225,"column":45}},"225":{"start":{"line":226,"column":0},"end":{"line":226,"column":31}},"226":{"start":{"line":227,"column":0},"end":{"line":227,"column":13}},"227":{"start":{"line":228,"column":0},"end":{"line":228,"column":12}},"228":{"start":{"line":229,"column":0},"end":{"line":229,"column":98}},"231":{"start":{"line":232,"column":0},"end":{"line":232,"column":37}},"232":{"start":{"line":233,"column":0},"end":{"line":233,"column":38}},"233":{"start":{"line":234,"column":0},"end":{"line":234,"column":56}},"234":{"start":{"line":235,"column":0},"end":{"line":235,"column":93}},"235":{"start":{"line":236,"column":0},"end":{"line":236,"column":89}},"236":{"start":{"line":237,"column":0},"end":{"line":237,"column":81}},"237":{"start":{"line":238,"column":0},"end":{"line":238,"column":107}},"239":{"start":{"line":240,"column":0},"end":{"line":240,"column":51}},"261":{"start":{"line":262,"column":0},"end":{"line":262,"column":87}},"269":{"start":{"line":270,"column":0},"end":{"line":270,"column":3}},"271":{"start":{"line":272,"column":0},"end":{"line":272,"column":39}},"272":{"start":{"line":273,"column":0},"end":{"line":273,"column":22}},"273":{"start":{"line":274,"column":0},"end":{"line":274,"column":44}},"274":{"start":{"line":275,"column":0},"end":{"line":275,"column":50}},"275":{"start":{"line":276,"column":0},"end":{"line":276,"column":9}},"277":{"start":{"line":278,"column":0},"end":{"line":278,"column":55}},"278":{"start":{"line":279,"column":0},"end":{"line":279,"column":23}},"279":{"start":{"line":280,"column":0},"end":{"line":280,"column":62}},"280":{"start":{"line":281,"column":0},"end":{"line":281,"column":7}},"282":{"start":{"line":283,"column":0},"end":{"line":283,"column":53}},"285":{"start":{"line":286,"column":0},"end":{"line":286,"column":92}},"286":{"start":{"line":287,"column":0},"end":{"line":287,"column":54}},"287":{"start":{"line":288,"column":0},"end":{"line":288,"column":60}},"288":{"start":{"line":289,"column":0},"end":{"line":289,"column":37}},"289":{"start":{"line":290,"column":0},"end":{"line":290,"column":43}},"290":{"start":{"line":291,"column":0},"end":{"line":291,"column":45}},"291":{"start":{"line":292,"column":0},"end":{"line":292,"column":37}},"292":{"start":{"line":293,"column":0},"end":{"line":293,"column":47}},"293":{"start":{"line":294,"column":0},"end":{"line":294,"column":47}},"294":{"start":{"line":295,"column":0},"end":{"line":295,"column":101}},"295":{"start":{"line":296,"column":0},"end":{"line":296,"column":77}},"296":{"start":{"line":297,"column":0},"end":{"line":297,"column":61}},"297":{"start":{"line":298,"column":0},"end":{"line":298,"column":49}},"298":{"start":{"line":299,"column":0},"end":{"line":299,"column":30}},"299":{"start":{"line":300,"column":0},"end":{"line":300,"column":29}},"300":{"start":{"line":301,"column":0},"end":{"line":301,"column":10}},"302":{"start":{"line":303,"column":0},"end":{"line":303,"column":26}},"303":{"start":{"line":304,"column":0},"end":{"line":304,"column":21}},"304":{"start":{"line":305,"column":0},"end":{"line":305,"column":58}},"305":{"start":{"line":306,"column":0},"end":{"line":306,"column":70}},"306":{"start":{"line":307,"column":0},"end":{"line":307,"column":9}},"307":{"start":{"line":308,"column":0},"end":{"line":308,"column":62}},"308":{"start":{"line":309,"column":0},"end":{"line":309,"column":5}},"309":{"start":{"line":310,"column":0},"end":{"line":310,"column":3}},"311":{"start":{"line":312,"column":0},"end":{"line":312,"column":76}},"312":{"start":{"line":313,"column":0},"end":{"line":313,"column":40}},"314":{"start":{"line":315,"column":0},"end":{"line":315,"column":91}},"315":{"start":{"line":316,"column":0},"end":{"line":316,"column":52}},"316":{"start":{"line":317,"column":0},"end":{"line":317,"column":3}},"318":{"start":{"line":319,"column":0},"end":{"line":319,"column":51}},"319":{"start":{"line":320,"column":0},"end":{"line":320,"column":35}},"320":{"start":{"line":321,"column":0},"end":{"line":321,"column":35}},"321":{"start":{"line":322,"column":0},"end":{"line":322,"column":21}},"322":{"start":{"line":323,"column":0},"end":{"line":323,"column":43}},"323":{"start":{"line":324,"column":0},"end":{"line":324,"column":60}},"326":{"start":{"line":327,"column":0},"end":{"line":327,"column":50}},"327":{"start":{"line":328,"column":0},"end":{"line":328,"column":77}},"328":{"start":{"line":329,"column":0},"end":{"line":329,"column":6}},"330":{"start":{"line":331,"column":0},"end":{"line":331,"column":45}},"331":{"start":{"line":332,"column":0},"end":{"line":332,"column":33}},"334":{"start":{"line":335,"column":0},"end":{"line":335,"column":55}},"335":{"start":{"line":336,"column":0},"end":{"line":336,"column":40}},"336":{"start":{"line":337,"column":0},"end":{"line":337,"column":32}},"337":{"start":{"line":338,"column":0},"end":{"line":338,"column":42}},"340":{"start":{"line":341,"column":0},"end":{"line":341,"column":38}},"341":{"start":{"line":342,"column":0},"end":{"line":342,"column":56}},"342":{"start":{"line":343,"column":0},"end":{"line":343,"column":87}},"364":{"start":{"line":365,"column":0},"end":{"line":365,"column":11}},"365":{"start":{"line":366,"column":0},"end":{"line":366,"column":65}},"366":{"start":{"line":367,"column":0},"end":{"line":367,"column":36}},"367":{"start":{"line":368,"column":0},"end":{"line":368,"column":27}},"368":{"start":{"line":369,"column":0},"end":{"line":369,"column":27}},"369":{"start":{"line":370,"column":0},"end":{"line":370,"column":25}},"370":{"start":{"line":371,"column":0},"end":{"line":371,"column":11}},"372":{"start":{"line":373,"column":0},"end":{"line":373,"column":73}},"373":{"start":{"line":374,"column":0},"end":{"line":374,"column":24}},"374":{"start":{"line":375,"column":0},"end":{"line":375,"column":65}},"376":{"start":{"line":377,"column":0},"end":{"line":377,"column":68}},"377":{"start":{"line":378,"column":0},"end":{"line":378,"column":34}},"378":{"start":{"line":379,"column":0},"end":{"line":379,"column":21}},"379":{"start":{"line":380,"column":0},"end":{"line":380,"column":36}},"380":{"start":{"line":381,"column":0},"end":{"line":381,"column":31}},"381":{"start":{"line":382,"column":0},"end":{"line":382,"column":43}},"382":{"start":{"line":383,"column":0},"end":{"line":383,"column":49}},"383":{"start":{"line":384,"column":0},"end":{"line":384,"column":39}},"384":{"start":{"line":385,"column":0},"end":{"line":385,"column":39}},"385":{"start":{"line":386,"column":0},"end":{"line":386,"column":29}},"386":{"start":{"line":387,"column":0},"end":{"line":387,"column":37}},"387":{"start":{"line":388,"column":0},"end":{"line":388,"column":32}},"388":{"start":{"line":389,"column":0},"end":{"line":389,"column":31}},"389":{"start":{"line":390,"column":0},"end":{"line":390,"column":28}},"390":{"start":{"line":391,"column":0},"end":{"line":391,"column":34}},"391":{"start":{"line":392,"column":0},"end":{"line":392,"column":36}},"392":{"start":{"line":393,"column":0},"end":{"line":393,"column":35}},"393":{"start":{"line":394,"column":0},"end":{"line":394,"column":15}},"394":{"start":{"line":395,"column":0},"end":{"line":395,"column":11}},"395":{"start":{"line":396,"column":0},"end":{"line":396,"column":9}},"396":{"start":{"line":397,"column":0},"end":{"line":397,"column":23}},"397":{"start":{"line":398,"column":0},"end":{"line":398,"column":68}},"398":{"start":{"line":399,"column":0},"end":{"line":399,"column":39}},"399":{"start":{"line":400,"column":0},"end":{"line":400,"column":71}},"400":{"start":{"line":401,"column":0},"end":{"line":401,"column":11}},"401":{"start":{"line":402,"column":0},"end":{"line":402,"column":7}},"402":{"start":{"line":403,"column":0},"end":{"line":403,"column":5}},"404":{"start":{"line":405,"column":0},"end":{"line":405,"column":27}},"405":{"start":{"line":406,"column":0},"end":{"line":406,"column":3}},"407":{"start":{"line":408,"column":0},"end":{"line":408,"column":41}},"408":{"start":{"line":409,"column":0},"end":{"line":409,"column":27}},"409":{"start":{"line":410,"column":0},"end":{"line":410,"column":35}},"410":{"start":{"line":411,"column":0},"end":{"line":411,"column":35}},"411":{"start":{"line":412,"column":0},"end":{"line":412,"column":21}},"412":{"start":{"line":413,"column":0},"end":{"line":413,"column":44}},"414":{"start":{"line":415,"column":0},"end":{"line":415,"column":52}},"415":{"start":{"line":416,"column":0},"end":{"line":416,"column":32}},"416":{"start":{"line":417,"column":0},"end":{"line":417,"column":41}},"417":{"start":{"line":418,"column":0},"end":{"line":418,"column":37}},"418":{"start":{"line":419,"column":0},"end":{"line":419,"column":47}},"419":{"start":{"line":420,"column":0},"end":{"line":420,"column":41}},"420":{"start":{"line":421,"column":0},"end":{"line":421,"column":26}},"421":{"start":{"line":422,"column":0},"end":{"line":422,"column":7}},"422":{"start":{"line":423,"column":0},"end":{"line":423,"column":7}},"424":{"start":{"line":425,"column":0},"end":{"line":425,"column":118}},"425":{"start":{"line":426,"column":0},"end":{"line":426,"column":54}},"427":{"start":{"line":428,"column":0},"end":{"line":428,"column":93}},"429":{"start":{"line":430,"column":0},"end":{"line":430,"column":12}},"430":{"start":{"line":431,"column":0},"end":{"line":431,"column":13}},"431":{"start":{"line":432,"column":0},"end":{"line":432,"column":21}},"432":{"start":{"line":433,"column":0},"end":{"line":433,"column":34}},"433":{"start":{"line":434,"column":0},"end":{"line":434,"column":20}},"434":{"start":{"line":435,"column":0},"end":{"line":435,"column":23}},"435":{"start":{"line":436,"column":0},"end":{"line":436,"column":53}},"436":{"start":{"line":437,"column":0},"end":{"line":437,"column":81}},"437":{"start":{"line":438,"column":0},"end":{"line":438,"column":42}},"438":{"start":{"line":439,"column":0},"end":{"line":439,"column":34}},"439":{"start":{"line":440,"column":0},"end":{"line":440,"column":93}},"440":{"start":{"line":441,"column":0},"end":{"line":441,"column":105}},"441":{"start":{"line":442,"column":0},"end":{"line":442,"column":86}},"442":{"start":{"line":443,"column":0},"end":{"line":443,"column":92}},"443":{"start":{"line":444,"column":0},"end":{"line":444,"column":9}},"444":{"start":{"line":445,"column":0},"end":{"line":445,"column":8}},"445":{"start":{"line":446,"column":0},"end":{"line":446,"column":24}},"446":{"start":{"line":447,"column":0},"end":{"line":447,"column":20}},"447":{"start":{"line":448,"column":0},"end":{"line":448,"column":59}},"448":{"start":{"line":449,"column":0},"end":{"line":449,"column":53}},"449":{"start":{"line":450,"column":0},"end":{"line":450,"column":63}},"450":{"start":{"line":451,"column":0},"end":{"line":451,"column":86}},"451":{"start":{"line":452,"column":0},"end":{"line":452,"column":10}},"452":{"start":{"line":453,"column":0},"end":{"line":453,"column":34}},"453":{"start":{"line":454,"column":0},"end":{"line":454,"column":76}},"454":{"start":{"line":455,"column":0},"end":{"line":455,"column":35}},"455":{"start":{"line":456,"column":0},"end":{"line":456,"column":22}},"456":{"start":{"line":457,"column":0},"end":{"line":457,"column":8}},"457":{"start":{"line":458,"column":0},"end":{"line":458,"column":81}},"458":{"start":{"line":459,"column":0},"end":{"line":459,"column":28}},"459":{"start":{"line":460,"column":0},"end":{"line":460,"column":27}},"460":{"start":{"line":461,"column":0},"end":{"line":461,"column":6}},"461":{"start":{"line":462,"column":0},"end":{"line":462,"column":3}},"463":{"start":{"line":464,"column":0},"end":{"line":464,"column":35}},"464":{"start":{"line":465,"column":0},"end":{"line":465,"column":35}},"465":{"start":{"line":466,"column":0},"end":{"line":466,"column":49}},"466":{"start":{"line":467,"column":0},"end":{"line":467,"column":24}},"467":{"start":{"line":468,"column":0},"end":{"line":468,"column":5}},"468":{"start":{"line":469,"column":0},"end":{"line":469,"column":81}},"469":{"start":{"line":470,"column":0},"end":{"line":470,"column":84}},"472":{"start":{"line":473,"column":0},"end":{"line":473,"column":26}},"473":{"start":{"line":474,"column":0},"end":{"line":474,"column":107}},"474":{"start":{"line":475,"column":0},"end":{"line":475,"column":80}},"475":{"start":{"line":476,"column":0},"end":{"line":476,"column":75}},"476":{"start":{"line":477,"column":0},"end":{"line":477,"column":6}},"478":{"start":{"line":479,"column":0},"end":{"line":479,"column":37}},"479":{"start":{"line":480,"column":0},"end":{"line":480,"column":61}},"480":{"start":{"line":481,"column":0},"end":{"line":481,"column":68}},"482":{"start":{"line":483,"column":0},"end":{"line":483,"column":29}},"483":{"start":{"line":484,"column":0},"end":{"line":484,"column":72}},"484":{"start":{"line":485,"column":0},"end":{"line":485,"column":46}},"485":{"start":{"line":486,"column":0},"end":{"line":486,"column":18}},"486":{"start":{"line":487,"column":0},"end":{"line":487,"column":32}},"488":{"start":{"line":489,"column":0},"end":{"line":489,"column":12}},"489":{"start":{"line":490,"column":0},"end":{"line":490,"column":19}},"490":{"start":{"line":491,"column":0},"end":{"line":491,"column":19}},"491":{"start":{"line":492,"column":0},"end":{"line":492,"column":26}},"492":{"start":{"line":493,"column":0},"end":{"line":493,"column":46}},"493":{"start":{"line":494,"column":0},"end":{"line":494,"column":14}},"494":{"start":{"line":495,"column":0},"end":{"line":495,"column":6}},"495":{"start":{"line":496,"column":0},"end":{"line":496,"column":3}},"496":{"start":{"line":497,"column":0},"end":{"line":497,"column":1}},"498":{"start":{"line":499,"column":0},"end":{"line":499,"column":79}}},"s":{"0":1,"1":1,"51":1,"52":1,"54":1,"55":1,"56":1,"58":1,"60":1,"61":1,"62":1,"63":1,"64":1,"65":1,"66":1,"67":1,"68":1,"69":1,"70":1,"71":1,"72":1,"73":1,"74":1,"75":1,"76":1,"77":1,"78":1,"79":1,"80":1,"81":1,"82":1,"83":1,"84":1,"85":1,"86":1,"87":1,"88":1,"89":1,"90":1,"91":1,"92":1,"93":1,"94":1,"96":1,"97":1,"98":1,"99":1,"102":1,"103":1,"104":1,"105":1,"106":1,"107":1,"108":1,"109":1,"110":1,"111":1,"112":1,"113":1,"114":1,"115":1,"116":1,"117":1,"118":1,"119":1,"120":1,"121":1,"122":1,"123":1,"124":1,"125":1,"126":1,"128":1,"129":6,"130":6,"131":6,"132":6,"133":6,"134":6,"135":6,"136":6,"137":6,"139":6,"140":6,"141":1,"142":1,"145":5,"147":5,"148":5,"149":5,"150":5,"151":5,"152":5,"155":4,"158":3,"161":3,"162":3,"163":3,"164":3,"165":3,"168":3,"169":6,"170":1,"171":1,"172":1,"173":1,"174":1,"175":1,"176":1,"179":3,"180":3,"181":3,"182":3,"183":3,"185":3,"186":3,"187":3,"188":3,"189":3,"190":3,"191":3,"192":3,"193":3,"194":3,"195":3,"196":3,"197":3,"198":3,"199":3,"200":3,"201":3,"203":3,"204":3,"205":3,"206":3,"207":3,"208":3,"210":3,"212":3,"213":3,"214":3,"215":3,"216":3,"217":3,"218":3,"219":3,"220":6,"222":1,"223":5,"224":5,"225":5,"226":5,"227":5,"228":5,"231":5,"232":5,"233":5,"234":5,"235":5,"236":5,"237":5,"239":5,"261":5,"269":5,"271":1,"272":4,"273":4,"274":4,"275":4,"277":4,"278":4,"279":1,"280":1,"282":3,"285":3,"286":6,"287":6,"288":6,"289":6,"290":6,"291":6,"292":6,"293":6,"294":6,"295":6,"296":6,"297":6,"298":6,"299":6,"300":3,"302":3,"303":4,"304":1,"305":1,"306":1,"307":1,"308":1,"309":4,"311":1,"312":3,"314":3,"315":3,"316":3,"318":1,"319":3,"320":3,"321":3,"322":3,"323":3,"326":3,"327":6,"328":3,"330":3,"331":3,"334":3,"335":3,"336":3,"337":3,"340":3,"341":3,"342":3,"364":3,"365":3,"366":3,"367":3,"368":3,"369":3,"370":3,"372":2,"373":2,"374":2,"376":2,"377":2,"378":2,"379":2,"380":2,"381":2,"382":2,"383":2,"384":2,"385":2,"386":2,"387":2,"388":2,"389":2,"390":2,"391":2,"392":2,"393":2,"394":2,"395":2,"396":3,"397":1,"398":1,"399":1,"400":1,"401":1,"402":3,"404":3,"405":3,"407":1,"408":1,"409":1,"410":1,"411":1,"412":1,"414":1,"415":2,"416":2,"417":2,"418":2,"419":2,"420":2,"421":2,"422":1,"424":1,"425":1,"427":1,"429":1,"430":1,"431":1,"432":1,"433":1,"434":1,"435":1,"436":1,"437":1,"438":1,"439":1,"440":1,"441":1,"442":1,"443":1,"444":1,"445":1,"446":1,"447":1,"448":1,"449":1,"450":1,"451":1,"452":1,"453":1,"454":1,"455":1,"456":1,"457":1,"458":1,"459":1,"460":1,"461":1,"463":1,"464":3,"465":3,"466":3,"467":3,"468":3,"469":3,"472":3,"473":3,"474":3,"475":3,"476":3,"478":3,"479":3,"480":3,"482":3,"483":3,"484":3,"485":3,"486":3,"488":3,"489":3,"490":3,"491":3,"492":3,"493":3,"494":3,"495":3,"496":1,"498":1},"branchMap":{"0":{"type":"branch","line":55,"loc":{"start":{"line":55,"column":2},"end":{"line":57,"column":3}},"locations":[{"start":{"line":55,"column":2},"end":{"line":57,"column":3}}]},"1":{"type":"branch","line":59,"loc":{"start":{"line":59,"column":10},"end":{"line":127,"column":3}},"locations":[{"start":{"line":59,"column":10},"end":{"line":127,"column":3}}]},"2":{"type":"branch","line":129,"loc":{"start":{"line":129,"column":2},"end":{"line":221,"column":3}},"locations":[{"start":{"line":129,"column":2},"end":{"line":221,"column":3}}]},"3":{"type":"branch","line":141,"loc":{"start":{"line":141,"column":22},"end":{"line":143,"column":7}},"locations":[{"start":{"line":141,"column":22},"end":{"line":143,"column":7}}]},"4":{"type":"branch","line":143,"loc":{"start":{"line":143,"column":6},"end":{"line":153,"column":9}},"locations":[{"start":{"line":143,"column":6},"end":{"line":153,"column":9}}]},"5":{"type":"branch","line":153,"loc":{"start":{"line":153,"column":7},"end":{"line":156,"column":104}},"locations":[{"start":{"line":153,"column":7},"end":{"line":156,"column":104}}]},"6":{"type":"branch","line":156,"loc":{"start":{"line":156,"column":102},"end":{"line":170,"column":45}},"locations":[{"start":{"line":156,"column":102},"end":{"line":170,"column":45}}]},"7":{"type":"branch","line":170,"loc":{"start":{"line":170,"column":45},"end":{"line":177,"column":7}},"locations":[{"start":{"line":170,"column":45},"end":{"line":177,"column":7}}]},"8":{"type":"branch","line":177,"loc":{"start":{"line":177,"column":6},"end":{"line":220,"column":5}},"locations":[{"start":{"line":177,"column":6},"end":{"line":220,"column":5}}]},"9":{"type":"branch","line":217,"loc":{"start":{"line":217,"column":46},"end":{"line":217,"column":69}},"locations":[{"start":{"line":217,"column":46},"end":{"line":217,"column":69}}]},"10":{"type":"branch","line":223,"loc":{"start":{"line":223,"column":10},"end":{"line":270,"column":3}},"locations":[{"start":{"line":223,"column":10},"end":{"line":270,"column":3}}]},"11":{"type":"branch","line":234,"loc":{"start":{"line":234,"column":25},"end":{"line":234,"column":55}},"locations":[{"start":{"line":234,"column":25},"end":{"line":234,"column":55}}]},"12":{"type":"branch","line":235,"loc":{"start":{"line":235,"column":46},"end":{"line":235,"column":68}},"locations":[{"start":{"line":235,"column":46},"end":{"line":235,"column":68}}]},"13":{"type":"branch","line":236,"loc":{"start":{"line":236,"column":44},"end":{"line":236,"column":64}},"locations":[{"start":{"line":236,"column":44},"end":{"line":236,"column":64}}]},"14":{"type":"branch","line":237,"loc":{"start":{"line":237,"column":40},"end":{"line":237,"column":56}},"locations":[{"start":{"line":237,"column":40},"end":{"line":237,"column":56}}]},"15":{"type":"branch","line":238,"loc":{"start":{"line":238,"column":53},"end":{"line":238,"column":82}},"locations":[{"start":{"line":238,"column":53},"end":{"line":238,"column":82}}]},"16":{"type":"branch","line":272,"loc":{"start":{"line":272,"column":2},"end":{"line":310,"column":3}},"locations":[{"start":{"line":272,"column":2},"end":{"line":310,"column":3}}]},"17":{"type":"branch","line":279,"loc":{"start":{"line":279,"column":22},"end":{"line":281,"column":7}},"locations":[{"start":{"line":279,"column":22},"end":{"line":281,"column":7}}]},"18":{"type":"branch","line":281,"loc":{"start":{"line":281,"column":6},"end":{"line":304,"column":13}},"locations":[{"start":{"line":281,"column":6},"end":{"line":304,"column":13}}]},"19":{"type":"branch","line":304,"loc":{"start":{"line":304,"column":4},"end":{"line":309,"column":5}},"locations":[{"start":{"line":304,"column":4},"end":{"line":309,"column":5}}]},"20":{"type":"branch","line":306,"loc":{"start":{"line":306,"column":46},"end":{"line":306,"column":70}},"locations":[{"start":{"line":306,"column":46},"end":{"line":306,"column":70}}]},"21":{"type":"branch","line":286,"loc":{"start":{"line":286,"column":72},"end":{"line":301,"column":8}},"locations":[{"start":{"line":286,"column":72},"end":{"line":301,"column":8}}]},"22":{"type":"branch","line":312,"loc":{"start":{"line":312,"column":10},"end":{"line":317,"column":3}},"locations":[{"start":{"line":312,"column":10},"end":{"line":317,"column":3}}]},"23":{"type":"branch","line":313,"loc":{"start":{"line":313,"column":31},"end":{"line":313,"column":40}},"locations":[{"start":{"line":313,"column":31},"end":{"line":313,"column":40}}]},"24":{"type":"branch","line":315,"loc":{"start":{"line":315,"column":39},"end":{"line":315,"column":88}},"locations":[{"start":{"line":315,"column":39},"end":{"line":315,"column":88}}]},"25":{"type":"branch","line":319,"loc":{"start":{"line":319,"column":2},"end":{"line":406,"column":3}},"locations":[{"start":{"line":319,"column":2},"end":{"line":406,"column":3}}]},"26":{"type":"branch","line":342,"loc":{"start":{"line":342,"column":25},"end":{"line":342,"column":55}},"locations":[{"start":{"line":342,"column":25},"end":{"line":342,"column":55}}]},"27":{"type":"branch","line":343,"loc":{"start":{"line":343,"column":40},"end":{"line":343,"column":62}},"locations":[{"start":{"line":343,"column":40},"end":{"line":343,"column":62}}]},"28":{"type":"branch","line":371,"loc":{"start":{"line":371,"column":9},"end":{"line":396,"column":9}},"locations":[{"start":{"line":371,"column":9},"end":{"line":396,"column":9}}]},"29":{"type":"branch","line":397,"loc":{"start":{"line":397,"column":6},"end":{"line":402,"column":7}},"locations":[{"start":{"line":397,"column":6},"end":{"line":402,"column":7}}]},"30":{"type":"branch","line":400,"loc":{"start":{"line":400,"column":48},"end":{"line":400,"column":71}},"locations":[{"start":{"line":400,"column":48},"end":{"line":400,"column":71}}]},"31":{"type":"branch","line":327,"loc":{"start":{"line":327,"column":45},"end":{"line":328,"column":77}},"locations":[{"start":{"line":327,"column":45},"end":{"line":328,"column":77}}]},"32":{"type":"branch","line":328,"loc":{"start":{"line":328,"column":52},"end":{"line":328,"column":77}},"locations":[{"start":{"line":328,"column":52},"end":{"line":328,"column":77}}]},"33":{"type":"branch","line":408,"loc":{"start":{"line":408,"column":2},"end":{"line":462,"column":3}},"locations":[{"start":{"line":408,"column":2},"end":{"line":462,"column":3}}]},"34":{"type":"branch","line":415,"loc":{"start":{"line":415,"column":46},"end":{"line":423,"column":5}},"locations":[{"start":{"line":415,"column":46},"end":{"line":423,"column":5}}]},"35":{"type":"branch","line":417,"loc":{"start":{"line":417,"column":8},"end":{"line":417,"column":41}},"locations":[{"start":{"line":417,"column":8},"end":{"line":417,"column":41}}]},"36":{"type":"branch","line":418,"loc":{"start":{"line":418,"column":8},"end":{"line":418,"column":37}},"locations":[{"start":{"line":418,"column":8},"end":{"line":418,"column":37}}]},"37":{"type":"branch","line":419,"loc":{"start":{"line":419,"column":8},"end":{"line":419,"column":47}},"locations":[{"start":{"line":419,"column":8},"end":{"line":419,"column":47}}]},"38":{"type":"branch","line":420,"loc":{"start":{"line":420,"column":8},"end":{"line":420,"column":41}},"locations":[{"start":{"line":420,"column":8},"end":{"line":420,"column":41}}]},"39":{"type":"branch","line":421,"loc":{"start":{"line":421,"column":8},"end":{"line":421,"column":26}},"locations":[{"start":{"line":421,"column":8},"end":{"line":421,"column":26}}]},"40":{"type":"branch","line":425,"loc":{"start":{"line":425,"column":56},"end":{"line":425,"column":85}},"locations":[{"start":{"line":425,"column":56},"end":{"line":425,"column":85}}]},"41":{"type":"branch","line":440,"loc":{"start":{"line":440,"column":42},"end":{"line":440,"column":84}},"locations":[{"start":{"line":440,"column":42},"end":{"line":440,"column":84}}]},"42":{"type":"branch","line":441,"loc":{"start":{"line":441,"column":48},"end":{"line":441,"column":96}},"locations":[{"start":{"line":441,"column":48},"end":{"line":441,"column":96}}]},"43":{"type":"branch","line":442,"loc":{"start":{"line":442,"column":39},"end":{"line":442,"column":77}},"locations":[{"start":{"line":442,"column":39},"end":{"line":442,"column":77}}]},"44":{"type":"branch","line":443,"loc":{"start":{"line":443,"column":42},"end":{"line":443,"column":84}},"locations":[{"start":{"line":443,"column":42},"end":{"line":443,"column":84}}]},"45":{"type":"branch","line":454,"loc":{"start":{"line":454,"column":18},"end":{"line":454,"column":75}},"locations":[{"start":{"line":454,"column":18},"end":{"line":454,"column":75}}]},"46":{"type":"branch","line":455,"loc":{"start":{"line":455,"column":15},"end":{"line":455,"column":34}},"locations":[{"start":{"line":455,"column":15},"end":{"line":455,"column":34}}]},"47":{"type":"branch","line":464,"loc":{"start":{"line":464,"column":10},"end":{"line":496,"column":3}},"locations":[{"start":{"line":464,"column":10},"end":{"line":496,"column":3}}]},"48":{"type":"branch","line":480,"loc":{"start":{"line":480,"column":31},"end":{"line":480,"column":61}},"locations":[{"start":{"line":480,"column":31},"end":{"line":480,"column":61}}]},"49":{"type":"branch","line":481,"loc":{"start":{"line":481,"column":39},"end":{"line":481,"column":68}},"locations":[{"start":{"line":481,"column":39},"end":{"line":481,"column":68}}]},"50":{"type":"branch","line":469,"loc":{"start":{"line":469,"column":41},"end":{"line":469,"column":72}},"locations":[{"start":{"line":469,"column":41},"end":{"line":469,"column":72}}]},"51":{"type":"branch","line":470,"loc":{"start":{"line":470,"column":55},"end":{"line":470,"column":75}},"locations":[{"start":{"line":470,"column":55},"end":{"line":470,"column":75}}]},"52":{"type":"branch","line":474,"loc":{"start":{"line":474,"column":34},"end":{"line":474,"column":98}},"locations":[{"start":{"line":474,"column":34},"end":{"line":474,"column":98}}]},"53":{"type":"branch","line":475,"loc":{"start":{"line":475,"column":37},"end":{"line":475,"column":71}},"locations":[{"start":{"line":475,"column":37},"end":{"line":475,"column":71}}]},"54":{"type":"branch","line":476,"loc":{"start":{"line":476,"column":35},"end":{"line":476,"column":67}},"locations":[{"start":{"line":476,"column":35},"end":{"line":476,"column":67}}]},"55":{"type":"branch","line":484,"loc":{"start":{"line":484,"column":14},"end":{"line":484,"column":71}},"locations":[{"start":{"line":484,"column":14},"end":{"line":484,"column":71}}]},"56":{"type":"branch","line":487,"loc":{"start":{"line":487,"column":11},"end":{"line":487,"column":30}},"locations":[{"start":{"line":487,"column":11},"end":{"line":487,"column":30}}]}},"b":{"0":[1],"1":[1],"2":[6],"3":[1],"4":[5],"5":[4],"6":[3],"7":[1],"8":[3],"9":[0],"10":[5],"11":[0],"12":[0],"13":[0],"14":[0],"15":[0],"16":[4],"17":[1],"18":[3],"19":[1],"20":[0],"21":[6],"22":[3],"23":[0],"24":[6],"25":[3],"26":[0],"27":[0],"28":[2],"29":[1],"30":[0],"31":[6],"32":[3],"33":[1],"34":[2],"35":[0],"36":[1],"37":[1],"38":[0],"39":[0],"40":[2],"41":[2],"42":[2],"43":[2],"44":[2],"45":[2],"46":[1],"47":[3],"48":[0],"49":[0],"50":[6],"51":[2],"52":[2],"53":[2],"54":[2],"55":[6],"56":[3]},"fnMap":{"0":{"name":"ComplianceGapAnalysisService","decl":{"start":{"line":55,"column":2},"end":{"line":57,"column":3}},"loc":{"start":{"line":55,"column":2},"end":{"line":57,"column":3}},"line":55},"1":{"name":"initializeFrameworkDefinitions","decl":{"start":{"line":59,"column":10},"end":{"line":127,"column":3}},"loc":{"start":{"line":59,"column":10},"end":{"line":127,"column":3}},"line":59},"2":{"name":"analyzeComplianceGaps","decl":{"start":{"line":129,"column":2},"end":{"line":221,"column":3}},"loc":{"start":{"line":129,"column":2},"end":{"line":221,"column":3}},"line":129},"3":{"name":"buildGapAnalysisPrompt","decl":{"start":{"line":223,"column":10},"end":{"line":270,"column":3}},"loc":{"start":{"line":223,"column":10},"end":{"line":270,"column":3}},"line":223},"4":{"name":"parseAIAnalysisResults","decl":{"start":{"line":272,"column":2},"end":{"line":310,"column":3}},"loc":{"start":{"line":272,"column":2},"end":{"line":310,"column":3}},"line":272},"5":{"name":"calculateComplianceScore","decl":{"start":{"line":312,"column":10},"end":{"line":317,"column":3}},"loc":{"start":{"line":312,"column":10},"end":{"line":317,"column":3}},"line":312},"6":{"name":"generateRemediationRecommendations","decl":{"start":{"line":319,"column":2},"end":{"line":406,"column":3}},"loc":{"start":{"line":319,"column":2},"end":{"line":406,"column":3}},"line":319},"7":{"name":"assessComplianceMaturity","decl":{"start":{"line":408,"column":2},"end":{"line":462,"column":3}},"loc":{"start":{"line":408,"column":2},"end":{"line":462,"column":3}},"line":408},"8":{"name":"generateExecutiveSummary","decl":{"start":{"line":464,"column":10},"end":{"line":496,"column":3}},"loc":{"start":{"line":464,"column":10},"end":{"line":496,"column":3}},"line":464}},"f":{"0":1,"1":1,"2":6,"3":5,"4":4,"5":3,"6":3,"7":1,"8":3}}
,"C:\\software\\cyberdocgen\\server\\services\\dataRetentionAutomation.ts": {"path":"C:\\software\\cyberdocgen\\server\\services\\dataRetentionAutomation.ts","all":false,"statementMap":{"10":{"start":{"line":11,"column":0},"end":{"line":11,"column":41}},"36":{"start":{"line":37,"column":0},"end":{"line":37,"column":45}},"37":{"start":{"line":38,"column":0},"end":{"line":38,"column":3}},"38":{"start":{"line":39,"column":0},"end":{"line":39,"column":27}},"39":{"start":{"line":40,"column":0},"end":{"line":40,"column":53}},"40":{"start":{"line":41,"column":0},"end":{"line":41,"column":21}},"41":{"start":{"line":42,"column":0},"end":{"line":42,"column":26}},"42":{"start":{"line":43,"column":0},"end":{"line":43,"column":4}},"43":{"start":{"line":44,"column":0},"end":{"line":44,"column":3}},"44":{"start":{"line":45,"column":0},"end":{"line":45,"column":29}},"45":{"start":{"line":46,"column":0},"end":{"line":46,"column":22}},"46":{"start":{"line":47,"column":0},"end":{"line":47,"column":21}},"47":{"start":{"line":48,"column":0},"end":{"line":48,"column":27}},"48":{"start":{"line":49,"column":0},"end":{"line":49,"column":4}},"49":{"start":{"line":50,"column":0},"end":{"line":50,"column":3}},"50":{"start":{"line":51,"column":0},"end":{"line":51,"column":32}},"51":{"start":{"line":52,"column":0},"end":{"line":52,"column":23}},"52":{"start":{"line":53,"column":0},"end":{"line":53,"column":50}},"53":{"start":{"line":54,"column":0},"end":{"line":54,"column":27}},"54":{"start":{"line":55,"column":0},"end":{"line":55,"column":4}},"55":{"start":{"line":56,"column":0},"end":{"line":56,"column":3}},"56":{"start":{"line":57,"column":0},"end":{"line":57,"column":36}},"57":{"start":{"line":58,"column":0},"end":{"line":58,"column":38}},"58":{"start":{"line":59,"column":0},"end":{"line":59,"column":22}},"59":{"start":{"line":60,"column":0},"end":{"line":60,"column":26}},"60":{"start":{"line":61,"column":0},"end":{"line":61,"column":4}},"61":{"start":{"line":62,"column":0},"end":{"line":62,"column":3}},"62":{"start":{"line":63,"column":0},"end":{"line":63,"column":27}},"63":{"start":{"line":64,"column":0},"end":{"line":64,"column":21}},"64":{"start":{"line":65,"column":0},"end":{"line":65,"column":21}},"65":{"start":{"line":66,"column":0},"end":{"line":66,"column":27}},"66":{"start":{"line":67,"column":0},"end":{"line":67,"column":4}},"67":{"start":{"line":68,"column":0},"end":{"line":68,"column":3}},"68":{"start":{"line":69,"column":0},"end":{"line":69,"column":34}},"69":{"start":{"line":70,"column":0},"end":{"line":70,"column":68}},"70":{"start":{"line":71,"column":0},"end":{"line":71,"column":21}},"71":{"start":{"line":72,"column":0},"end":{"line":72,"column":27}},"72":{"start":{"line":73,"column":0},"end":{"line":73,"column":4}},"73":{"start":{"line":74,"column":0},"end":{"line":74,"column":2}},"75":{"start":{"line":76,"column":0},"end":{"line":76,"column":28}},"76":{"start":{"line":77,"column":0},"end":{"line":77,"column":57}},"77":{"start":{"line":78,"column":0},"end":{"line":78,"column":69}},"82":{"start":{"line":83,"column":0},"end":{"line":83,"column":44}},"83":{"start":{"line":84,"column":0},"end":{"line":84,"column":29}},"84":{"start":{"line":85,"column":0},"end":{"line":85,"column":52}},"85":{"start":{"line":86,"column":0},"end":{"line":86,"column":35}},"86":{"start":{"line":87,"column":0},"end":{"line":87,"column":7}},"87":{"start":{"line":88,"column":0},"end":{"line":88,"column":3}},"92":{"start":{"line":93,"column":0},"end":{"line":93,"column":60}},"93":{"start":{"line":94,"column":0},"end":{"line":94,"column":60}},"94":{"start":{"line":95,"column":0},"end":{"line":95,"column":3}},"99":{"start":{"line":100,"column":0},"end":{"line":100,"column":73}},"100":{"start":{"line":101,"column":0},"end":{"line":101,"column":44}},"101":{"start":{"line":102,"column":0},"end":{"line":102,"column":29}},"103":{"start":{"line":104,"column":0},"end":{"line":104,"column":45}},"104":{"start":{"line":105,"column":0},"end":{"line":105,"column":72}},"105":{"start":{"line":106,"column":0},"end":{"line":106,"column":24}},"106":{"start":{"line":107,"column":0},"end":{"line":107,"column":3}},"111":{"start":{"line":112,"column":0},"end":{"line":112,"column":25}},"112":{"start":{"line":113,"column":0},"end":{"line":113,"column":21}},"113":{"start":{"line":114,"column":0},"end":{"line":114,"column":21}},"114":{"start":{"line":115,"column":0},"end":{"line":115,"column":15}},"119":{"start":{"line":120,"column":0},"end":{"line":120,"column":31}},"120":{"start":{"line":121,"column":0},"end":{"line":121,"column":44}},"121":{"start":{"line":122,"column":0},"end":{"line":122,"column":27}},"123":{"start":{"line":124,"column":0},"end":{"line":124,"column":38}},"124":{"start":{"line":125,"column":0},"end":{"line":125,"column":73}},"125":{"start":{"line":126,"column":0},"end":{"line":126,"column":30}},"126":{"start":{"line":127,"column":0},"end":{"line":127,"column":46}},"127":{"start":{"line":128,"column":0},"end":{"line":128,"column":15}},"128":{"start":{"line":129,"column":0},"end":{"line":129,"column":23}},"129":{"start":{"line":130,"column":0},"end":{"line":130,"column":75}},"130":{"start":{"line":131,"column":0},"end":{"line":131,"column":63}},"131":{"start":{"line":132,"column":0},"end":{"line":132,"column":6}},"133":{"start":{"line":134,"column":0},"end":{"line":134,"column":51}},"135":{"start":{"line":136,"column":0},"end":{"line":136,"column":47}},"136":{"start":{"line":137,"column":0},"end":{"line":137,"column":28}},"137":{"start":{"line":138,"column":0},"end":{"line":138,"column":15}},"138":{"start":{"line":139,"column":0},"end":{"line":139,"column":53}},"139":{"start":{"line":140,"column":0},"end":{"line":140,"column":29}},"140":{"start":{"line":141,"column":0},"end":{"line":141,"column":7}},"142":{"start":{"line":143,"column":0},"end":{"line":143,"column":19}},"143":{"start":{"line":144,"column":0},"end":{"line":144,"column":3}},"148":{"start":{"line":149,"column":0},"end":{"line":149,"column":35}},"149":{"start":{"line":150,"column":0},"end":{"line":150,"column":19}},"150":{"start":{"line":151,"column":0},"end":{"line":151,"column":37}},"151":{"start":{"line":152,"column":0},"end":{"line":152,"column":33}},"152":{"start":{"line":153,"column":0},"end":{"line":153,"column":23}},"153":{"start":{"line":154,"column":0},"end":{"line":154,"column":21}},"154":{"start":{"line":155,"column":0},"end":{"line":155,"column":24}},"155":{"start":{"line":156,"column":0},"end":{"line":156,"column":28}},"156":{"start":{"line":157,"column":0},"end":{"line":157,"column":21}},"157":{"start":{"line":158,"column":0},"end":{"line":158,"column":20}},"158":{"start":{"line":159,"column":0},"end":{"line":159,"column":6}},"160":{"start":{"line":161,"column":0},"end":{"line":161,"column":43}},"162":{"start":{"line":163,"column":0},"end":{"line":163,"column":39}},"163":{"start":{"line":164,"column":0},"end":{"line":164,"column":69}},"164":{"start":{"line":165,"column":0},"end":{"line":165,"column":15}},"165":{"start":{"line":166,"column":0},"end":{"line":166,"column":38}},"166":{"start":{"line":167,"column":0},"end":{"line":167,"column":9}},"167":{"start":{"line":168,"column":0},"end":{"line":168,"column":29}},"168":{"start":{"line":169,"column":0},"end":{"line":169,"column":5}},"170":{"start":{"line":171,"column":0},"end":{"line":171,"column":52}},"171":{"start":{"line":172,"column":0},"end":{"line":172,"column":13}},"172":{"start":{"line":173,"column":0},"end":{"line":173,"column":36}},"173":{"start":{"line":174,"column":0},"end":{"line":174,"column":45}},"174":{"start":{"line":175,"column":0},"end":{"line":175,"column":7}},"176":{"start":{"line":177,"column":0},"end":{"line":177,"column":20}},"177":{"start":{"line":178,"column":0},"end":{"line":178,"column":3}},"182":{"start":{"line":183,"column":0},"end":{"line":183,"column":79}},"183":{"start":{"line":184,"column":0},"end":{"line":184,"column":57}},"184":{"start":{"line":185,"column":0},"end":{"line":185,"column":19}},"185":{"start":{"line":186,"column":0},"end":{"line":186,"column":65}},"186":{"start":{"line":187,"column":0},"end":{"line":187,"column":5}},"188":{"start":{"line":189,"column":0},"end":{"line":189,"column":39}},"189":{"start":{"line":190,"column":0},"end":{"line":190,"column":70}},"190":{"start":{"line":191,"column":0},"end":{"line":191,"column":5}},"192":{"start":{"line":193,"column":0},"end":{"line":193,"column":32}},"194":{"start":{"line":195,"column":0},"end":{"line":195,"column":46}},"195":{"start":{"line":196,"column":0},"end":{"line":196,"column":16}},"196":{"start":{"line":197,"column":0},"end":{"line":197,"column":17}},"197":{"start":{"line":198,"column":0},"end":{"line":198,"column":33}},"198":{"start":{"line":199,"column":0},"end":{"line":199,"column":7}},"199":{"start":{"line":200,"column":0},"end":{"line":200,"column":3}},"204":{"start":{"line":205,"column":0},"end":{"line":205,"column":44}},"208":{"start":{"line":209,"column":0},"end":{"line":209,"column":6}},"209":{"start":{"line":210,"column":0},"end":{"line":210,"column":27}},"210":{"start":{"line":211,"column":0},"end":{"line":211,"column":62}},"212":{"start":{"line":213,"column":0},"end":{"line":213,"column":56}},"213":{"start":{"line":214,"column":0},"end":{"line":214,"column":71}},"214":{"start":{"line":215,"column":0},"end":{"line":215,"column":17}},"215":{"start":{"line":216,"column":0},"end":{"line":216,"column":7}},"217":{"start":{"line":218,"column":0},"end":{"line":218,"column":26}},"218":{"start":{"line":219,"column":0},"end":{"line":219,"column":36}},"220":{"start":{"line":221,"column":0},"end":{"line":221,"column":11}},"221":{"start":{"line":222,"column":0},"end":{"line":222,"column":42}},"222":{"start":{"line":223,"column":0},"end":{"line":223,"column":37}},"223":{"start":{"line":224,"column":0},"end":{"line":224,"column":41}},"224":{"start":{"line":225,"column":0},"end":{"line":225,"column":28}},"226":{"start":{"line":227,"column":0},"end":{"line":227,"column":43}},"227":{"start":{"line":228,"column":0},"end":{"line":228,"column":24}},"228":{"start":{"line":229,"column":0},"end":{"line":229,"column":37}},"229":{"start":{"line":230,"column":0},"end":{"line":230,"column":11}},"230":{"start":{"line":231,"column":0},"end":{"line":231,"column":23}},"231":{"start":{"line":232,"column":0},"end":{"line":232,"column":34}},"232":{"start":{"line":233,"column":0},"end":{"line":233,"column":81}},"233":{"start":{"line":234,"column":0},"end":{"line":234,"column":25}},"235":{"start":{"line":236,"column":0},"end":{"line":236,"column":41}},"236":{"start":{"line":237,"column":0},"end":{"line":237,"column":24}},"237":{"start":{"line":238,"column":0},"end":{"line":238,"column":37}},"238":{"start":{"line":239,"column":0},"end":{"line":239,"column":31}},"239":{"start":{"line":240,"column":0},"end":{"line":240,"column":11}},"240":{"start":{"line":241,"column":0},"end":{"line":241,"column":7}},"241":{"start":{"line":242,"column":0},"end":{"line":242,"column":5}},"244":{"start":{"line":245,"column":0},"end":{"line":245,"column":36}},"246":{"start":{"line":247,"column":0},"end":{"line":247,"column":19}},"247":{"start":{"line":248,"column":0},"end":{"line":248,"column":3}},"252":{"start":{"line":253,"column":0},"end":{"line":253,"column":72}},"253":{"start":{"line":254,"column":0},"end":{"line":254,"column":52}},"255":{"start":{"line":256,"column":0},"end":{"line":256,"column":39}},"256":{"start":{"line":257,"column":0},"end":{"line":257,"column":28}},"257":{"start":{"line":258,"column":0},"end":{"line":258,"column":33}},"258":{"start":{"line":259,"column":0},"end":{"line":259,"column":46}},"259":{"start":{"line":260,"column":0},"end":{"line":260,"column":7}},"262":{"start":{"line":263,"column":0},"end":{"line":263,"column":51}},"265":{"start":{"line":266,"column":0},"end":{"line":266,"column":31}},"266":{"start":{"line":267,"column":0},"end":{"line":267,"column":24}},"268":{"start":{"line":269,"column":0},"end":{"line":269,"column":81}},"269":{"start":{"line":270,"column":0},"end":{"line":270,"column":14}},"271":{"start":{"line":272,"column":0},"end":{"line":272,"column":26}},"273":{"start":{"line":274,"column":0},"end":{"line":274,"column":29}},"275":{"start":{"line":276,"column":0},"end":{"line":276,"column":84}},"276":{"start":{"line":277,"column":0},"end":{"line":277,"column":9}},"277":{"start":{"line":278,"column":0},"end":{"line":278,"column":14}},"279":{"start":{"line":280,"column":0},"end":{"line":280,"column":29}},"281":{"start":{"line":282,"column":0},"end":{"line":282,"column":29}},"282":{"start":{"line":283,"column":0},"end":{"line":283,"column":87}},"283":{"start":{"line":284,"column":0},"end":{"line":284,"column":9}},"284":{"start":{"line":285,"column":0},"end":{"line":285,"column":14}},"286":{"start":{"line":287,"column":0},"end":{"line":287,"column":33}},"288":{"start":{"line":289,"column":0},"end":{"line":289,"column":29}},"289":{"start":{"line":290,"column":0},"end":{"line":290,"column":57}},"290":{"start":{"line":291,"column":0},"end":{"line":291,"column":89}},"291":{"start":{"line":292,"column":0},"end":{"line":292,"column":39}},"292":{"start":{"line":293,"column":0},"end":{"line":293,"column":37}},"293":{"start":{"line":294,"column":0},"end":{"line":294,"column":51}},"294":{"start":{"line":295,"column":0},"end":{"line":295,"column":13}},"295":{"start":{"line":296,"column":0},"end":{"line":296,"column":11}},"296":{"start":{"line":297,"column":0},"end":{"line":297,"column":65}},"297":{"start":{"line":298,"column":0},"end":{"line":298,"column":35}},"298":{"start":{"line":299,"column":0},"end":{"line":299,"column":35}},"299":{"start":{"line":300,"column":0},"end":{"line":300,"column":13}},"300":{"start":{"line":301,"column":0},"end":{"line":301,"column":9}},"301":{"start":{"line":302,"column":0},"end":{"line":302,"column":14}},"303":{"start":{"line":304,"column":0},"end":{"line":304,"column":24}},"305":{"start":{"line":306,"column":0},"end":{"line":306,"column":52}},"306":{"start":{"line":307,"column":0},"end":{"line":307,"column":14}},"308":{"start":{"line":309,"column":0},"end":{"line":309,"column":31}},"310":{"start":{"line":311,"column":0},"end":{"line":311,"column":29}},"311":{"start":{"line":312,"column":0},"end":{"line":312,"column":88}},"312":{"start":{"line":313,"column":0},"end":{"line":313,"column":9}},"313":{"start":{"line":314,"column":0},"end":{"line":314,"column":14}},"315":{"start":{"line":316,"column":0},"end":{"line":316,"column":26}},"317":{"start":{"line":318,"column":0},"end":{"line":318,"column":29}},"319":{"start":{"line":320,"column":0},"end":{"line":320,"column":84}},"320":{"start":{"line":321,"column":0},"end":{"line":321,"column":9}},"321":{"start":{"line":322,"column":0},"end":{"line":322,"column":14}},"323":{"start":{"line":324,"column":0},"end":{"line":324,"column":25}},"325":{"start":{"line":326,"column":0},"end":{"line":326,"column":29}},"326":{"start":{"line":327,"column":0},"end":{"line":327,"column":88}},"327":{"start":{"line":328,"column":0},"end":{"line":328,"column":9}},"328":{"start":{"line":329,"column":0},"end":{"line":329,"column":14}},"330":{"start":{"line":331,"column":0},"end":{"line":331,"column":14}},"331":{"start":{"line":332,"column":0},"end":{"line":332,"column":56}},"332":{"start":{"line":333,"column":0},"end":{"line":333,"column":37}},"333":{"start":{"line":334,"column":0},"end":{"line":334,"column":32}},"334":{"start":{"line":335,"column":0},"end":{"line":335,"column":11}},"335":{"start":{"line":336,"column":0},"end":{"line":336,"column":5}},"336":{"start":{"line":337,"column":0},"end":{"line":337,"column":3}},"341":{"start":{"line":342,"column":0},"end":{"line":342,"column":41}},"342":{"start":{"line":343,"column":0},"end":{"line":343,"column":27}},"343":{"start":{"line":344,"column":0},"end":{"line":344,"column":31}},"344":{"start":{"line":345,"column":0},"end":{"line":345,"column":30}},"346":{"start":{"line":347,"column":0},"end":{"line":347,"column":22}},"347":{"start":{"line":348,"column":0},"end":{"line":348,"column":39}},"348":{"start":{"line":349,"column":0},"end":{"line":349,"column":5}},"350":{"start":{"line":351,"column":0},"end":{"line":351,"column":16}},"351":{"start":{"line":352,"column":0},"end":{"line":352,"column":3}},"356":{"start":{"line":357,"column":0},"end":{"line":357,"column":44}},"357":{"start":{"line":358,"column":0},"end":{"line":358,"column":37}},"358":{"start":{"line":359,"column":0},"end":{"line":359,"column":56}},"360":{"start":{"line":361,"column":0},"end":{"line":361,"column":56}},"361":{"start":{"line":362,"column":0},"end":{"line":362,"column":10}},"362":{"start":{"line":363,"column":0},"end":{"line":363,"column":41}},"363":{"start":{"line":364,"column":0},"end":{"line":364,"column":30}},"364":{"start":{"line":365,"column":0},"end":{"line":365,"column":43}},"365":{"start":{"line":366,"column":0},"end":{"line":366,"column":9}},"366":{"start":{"line":367,"column":0},"end":{"line":367,"column":41}},"367":{"start":{"line":368,"column":0},"end":{"line":368,"column":7}},"368":{"start":{"line":369,"column":0},"end":{"line":369,"column":5}},"369":{"start":{"line":370,"column":0},"end":{"line":370,"column":3}},"374":{"start":{"line":375,"column":0},"end":{"line":375,"column":68}},"375":{"start":{"line":376,"column":0},"end":{"line":376,"column":48}},"376":{"start":{"line":377,"column":0},"end":{"line":377,"column":3}},"381":{"start":{"line":382,"column":0},"end":{"line":382,"column":33}},"385":{"start":{"line":386,"column":0},"end":{"line":386,"column":25}},"386":{"start":{"line":387,"column":0},"end":{"line":387,"column":64}},"388":{"start":{"line":389,"column":0},"end":{"line":389,"column":33}},"389":{"start":{"line":390,"column":0},"end":{"line":390,"column":71}},"390":{"start":{"line":391,"column":0},"end":{"line":391,"column":95}},"391":{"start":{"line":392,"column":0},"end":{"line":392,"column":71}},"392":{"start":{"line":393,"column":0},"end":{"line":393,"column":18}},"393":{"start":{"line":394,"column":0},"end":{"line":394,"column":7}},"394":{"start":{"line":395,"column":0},"end":{"line":395,"column":3}},"399":{"start":{"line":400,"column":0},"end":{"line":400,"column":30}},"404":{"start":{"line":405,"column":0},"end":{"line":405,"column":5}},"405":{"start":{"line":406,"column":0},"end":{"line":406,"column":37}},"406":{"start":{"line":407,"column":0},"end":{"line":407,"column":56}},"408":{"start":{"line":409,"column":0},"end":{"line":409,"column":64}},"410":{"start":{"line":411,"column":0},"end":{"line":411,"column":12}},"411":{"start":{"line":412,"column":0},"end":{"line":412,"column":30}},"412":{"start":{"line":413,"column":0},"end":{"line":413,"column":41}},"413":{"start":{"line":414,"column":0},"end":{"line":414,"column":57}},"414":{"start":{"line":415,"column":0},"end":{"line":415,"column":15}},"415":{"start":{"line":416,"column":0},"end":{"line":416,"column":47}},"416":{"start":{"line":417,"column":0},"end":{"line":417,"column":35}},"417":{"start":{"line":418,"column":0},"end":{"line":418,"column":24}},"418":{"start":{"line":419,"column":0},"end":{"line":419,"column":38}},"419":{"start":{"line":420,"column":0},"end":{"line":420,"column":15}},"420":{"start":{"line":421,"column":0},"end":{"line":421,"column":44}},"421":{"start":{"line":422,"column":0},"end":{"line":422,"column":32}},"422":{"start":{"line":423,"column":0},"end":{"line":423,"column":38}},"423":{"start":{"line":424,"column":0},"end":{"line":424,"column":15}},"424":{"start":{"line":425,"column":0},"end":{"line":425,"column":6}},"425":{"start":{"line":426,"column":0},"end":{"line":426,"column":3}},"426":{"start":{"line":427,"column":0},"end":{"line":427,"column":1}},"429":{"start":{"line":430,"column":0},"end":{"line":430,"column":63}}},"s":{"10":1,"36":1,"37":1,"38":1,"39":1,"40":1,"41":1,"42":1,"43":1,"44":1,"45":1,"46":1,"47":1,"48":1,"49":1,"50":1,"51":1,"52":1,"53":1,"54":1,"55":1,"56":1,"57":1,"58":1,"59":1,"60":1,"61":1,"62":1,"63":1,"64":1,"65":1,"66":1,"67":1,"68":1,"69":1,"70":1,"71":1,"72":1,"73":1,"75":1,"76":1,"77":1,"82":1,"83":2,"84":2,"85":2,"86":2,"87":2,"92":1,"93":21,"94":21,"99":1,"100":1,"101":1,"103":1,"104":1,"105":1,"106":1,"111":1,"112":13,"113":13,"114":13,"119":13,"120":13,"121":13,"123":13,"124":13,"125":13,"126":13,"127":13,"128":13,"129":13,"130":13,"131":13,"133":13,"135":13,"136":13,"137":13,"138":13,"139":13,"140":13,"142":13,"143":13,"148":1,"149":1,"150":1,"151":1,"152":1,"153":1,"154":1,"155":1,"156":1,"157":1,"158":1,"160":1,"162":1,"163":5,"164":5,"165":5,"166":5,"167":5,"168":5,"170":1,"171":1,"172":1,"173":1,"174":1,"176":1,"177":1,"182":1,"183":0,"184":0,"185":0,"186":0,"188":0,"189":0,"190":0,"192":0,"194":0,"195":0,"196":0,"197":0,"198":0,"199":0,"204":1,"208":1,"209":1,"210":1,"212":1,"213":7,"214":1,"215":1,"217":6,"218":6,"220":6,"221":6,"222":6,"223":6,"224":6,"226":6,"227":6,"228":6,"229":6,"230":7,"231":0,"232":0,"233":0,"235":0,"236":0,"237":0,"238":0,"239":0,"240":0,"241":7,"244":1,"246":1,"247":1,"252":1,"253":6,"255":6,"256":6,"257":6,"258":6,"259":6,"262":6,"265":6,"266":6,"268":0,"269":0,"271":6,"273":1,"275":1,"276":1,"277":1,"279":6,"281":1,"282":1,"283":1,"284":1,"286":6,"288":2,"289":2,"290":2,"291":2,"292":1,"293":1,"294":1,"295":1,"296":2,"297":2,"298":2,"299":2,"300":2,"301":2,"303":6,"305":0,"306":0,"308":6,"310":0,"311":0,"312":0,"313":0,"315":6,"317":1,"319":1,"320":1,"321":1,"323":6,"325":1,"326":1,"327":1,"328":1,"330":6,"331":0,"332":0,"333":0,"334":0,"335":6,"336":6,"341":1,"342":7,"343":7,"344":7,"346":7,"347":7,"348":7,"350":7,"351":7,"356":1,"357":1,"358":1,"360":1,"361":7,"362":7,"363":6,"364":6,"365":7,"366":0,"367":0,"368":7,"369":1,"374":1,"375":1,"376":1,"381":1,"385":4,"386":4,"388":4,"389":46,"390":46,"391":46,"392":9,"393":4,"394":4,"399":1,"404":1,"405":1,"406":1,"408":1,"410":1,"411":1,"412":1,"413":7,"414":1,"415":1,"416":7,"417":6,"418":6,"419":1,"420":1,"421":7,"422":0,"423":1,"424":1,"425":1,"426":1,"429":1},"branchMap":{"0":{"type":"branch","line":76,"loc":{"start":{"line":76,"column":0},"end":{"line":78,"column":69}},"locations":[{"start":{"line":76,"column":0},"end":{"line":78,"column":69}}]},"1":{"type":"branch","line":83,"loc":{"start":{"line":83,"column":2},"end":{"line":88,"column":3}},"locations":[{"start":{"line":83,"column":2},"end":{"line":88,"column":3}}]},"2":{"type":"branch","line":93,"loc":{"start":{"line":93,"column":2},"end":{"line":95,"column":3}},"locations":[{"start":{"line":93,"column":2},"end":{"line":95,"column":3}}]},"3":{"type":"branch","line":94,"loc":{"start":{"line":94,"column":30},"end":{"line":94,"column":58}},"locations":[{"start":{"line":94,"column":30},"end":{"line":94,"column":58}}]},"4":{"type":"branch","line":100,"loc":{"start":{"line":100,"column":2},"end":{"line":107,"column":3}},"locations":[{"start":{"line":100,"column":2},"end":{"line":107,"column":3}}]},"5":{"type":"branch","line":102,"loc":{"start":{"line":102,"column":17},"end":{"line":102,"column":29}},"locations":[{"start":{"line":102,"column":17},"end":{"line":102,"column":29}}]},"6":{"type":"branch","line":112,"loc":{"start":{"line":112,"column":2},"end":{"line":144,"column":3}},"locations":[{"start":{"line":112,"column":2},"end":{"line":144,"column":3}}]},"7":{"type":"branch","line":130,"loc":{"start":{"line":130,"column":28},"end":{"line":130,"column":46}},"locations":[{"start":{"line":130,"column":28},"end":{"line":130,"column":46}}]},"8":{"type":"branch","line":130,"loc":{"start":{"line":130,"column":40},"end":{"line":130,"column":75}},"locations":[{"start":{"line":130,"column":40},"end":{"line":130,"column":75}}]},"9":{"type":"branch","line":131,"loc":{"start":{"line":131,"column":14},"end":{"line":131,"column":40}},"locations":[{"start":{"line":131,"column":14},"end":{"line":131,"column":40}}]},"10":{"type":"branch","line":131,"loc":{"start":{"line":131,"column":22},"end":{"line":131,"column":52}},"locations":[{"start":{"line":131,"column":22},"end":{"line":131,"column":52}}]},"11":{"type":"branch","line":149,"loc":{"start":{"line":149,"column":2},"end":{"line":178,"column":3}},"locations":[{"start":{"line":149,"column":2},"end":{"line":178,"column":3}}]},"12":{"type":"branch","line":163,"loc":{"start":{"line":163,"column":38},"end":{"line":169,"column":5}},"locations":[{"start":{"line":163,"column":38},"end":{"line":169,"column":5}}]},"13":{"type":"branch","line":174,"loc":{"start":{"line":174,"column":26},"end":{"line":174,"column":45}},"locations":[{"start":{"line":174,"column":26},"end":{"line":174,"column":45}}]},"14":{"type":"branch","line":205,"loc":{"start":{"line":205,"column":2},"end":{"line":248,"column":3}},"locations":[{"start":{"line":205,"column":2},"end":{"line":248,"column":3}}]},"15":{"type":"branch","line":213,"loc":{"start":{"line":213,"column":55},"end":{"line":242,"column":5}},"locations":[{"start":{"line":213,"column":55},"end":{"line":242,"column":5}}]},"16":{"type":"branch","line":214,"loc":{"start":{"line":214,"column":70},"end":{"line":216,"column":7}},"locations":[{"start":{"line":214,"column":70},"end":{"line":216,"column":7}}]},"17":{"type":"branch","line":216,"loc":{"start":{"line":216,"column":6},"end":{"line":231,"column":15}},"locations":[{"start":{"line":216,"column":6},"end":{"line":231,"column":15}}]},"18":{"type":"branch","line":231,"loc":{"start":{"line":231,"column":6},"end":{"line":241,"column":7}},"locations":[{"start":{"line":231,"column":6},"end":{"line":241,"column":7}}]},"19":{"type":"branch","line":253,"loc":{"start":{"line":253,"column":2},"end":{"line":337,"column":3}},"locations":[{"start":{"line":253,"column":2},"end":{"line":337,"column":3}}]},"20":{"type":"branch","line":259,"loc":{"start":{"line":259,"column":26},"end":{"line":259,"column":46}},"locations":[{"start":{"line":259,"column":26},"end":{"line":259,"column":46}}]},"21":{"type":"branch","line":267,"loc":{"start":{"line":267,"column":6},"end":{"line":270,"column":14}},"locations":[{"start":{"line":267,"column":6},"end":{"line":270,"column":14}}]},"22":{"type":"branch","line":272,"loc":{"start":{"line":272,"column":6},"end":{"line":278,"column":14}},"locations":[{"start":{"line":272,"column":6},"end":{"line":278,"column":14}}]},"23":{"type":"branch","line":280,"loc":{"start":{"line":280,"column":6},"end":{"line":285,"column":14}},"locations":[{"start":{"line":280,"column":6},"end":{"line":285,"column":14}}]},"24":{"type":"branch","line":287,"loc":{"start":{"line":287,"column":6},"end":{"line":302,"column":14}},"locations":[{"start":{"line":287,"column":6},"end":{"line":302,"column":14}}]},"25":{"type":"branch","line":292,"loc":{"start":{"line":292,"column":38},"end":{"line":296,"column":11}},"locations":[{"start":{"line":292,"column":38},"end":{"line":296,"column":11}}]},"26":{"type":"branch","line":304,"loc":{"start":{"line":304,"column":6},"end":{"line":307,"column":14}},"locations":[{"start":{"line":304,"column":6},"end":{"line":307,"column":14}}]},"27":{"type":"branch","line":309,"loc":{"start":{"line":309,"column":6},"end":{"line":314,"column":14}},"locations":[{"start":{"line":309,"column":6},"end":{"line":314,"column":14}}]},"28":{"type":"branch","line":316,"loc":{"start":{"line":316,"column":6},"end":{"line":322,"column":14}},"locations":[{"start":{"line":316,"column":6},"end":{"line":322,"column":14}}]},"29":{"type":"branch","line":324,"loc":{"start":{"line":324,"column":6},"end":{"line":329,"column":14}},"locations":[{"start":{"line":324,"column":6},"end":{"line":329,"column":14}}]},"30":{"type":"branch","line":331,"loc":{"start":{"line":331,"column":6},"end":{"line":335,"column":11}},"locations":[{"start":{"line":331,"column":6},"end":{"line":335,"column":11}}]},"31":{"type":"branch","line":291,"loc":{"start":{"line":291,"column":44},"end":{"line":291,"column":87}},"locations":[{"start":{"line":291,"column":44},"end":{"line":291,"column":87}}]},"32":{"type":"branch","line":342,"loc":{"start":{"line":342,"column":10},"end":{"line":352,"column":3}},"locations":[{"start":{"line":342,"column":10},"end":{"line":352,"column":3}}]},"33":{"type":"branch","line":357,"loc":{"start":{"line":357,"column":10},"end":{"line":370,"column":3}},"locations":[{"start":{"line":357,"column":10},"end":{"line":370,"column":3}}]},"34":{"type":"branch","line":361,"loc":{"start":{"line":361,"column":55},"end":{"line":369,"column":5}},"locations":[{"start":{"line":361,"column":55},"end":{"line":369,"column":5}}]},"35":{"type":"branch","line":363,"loc":{"start":{"line":363,"column":27},"end":{"line":364,"column":30}},"locations":[{"start":{"line":363,"column":27},"end":{"line":364,"column":30}}]},"36":{"type":"branch","line":364,"loc":{"start":{"line":364,"column":16},"end":{"line":365,"column":43}},"locations":[{"start":{"line":364,"column":16},"end":{"line":365,"column":43}}]},"37":{"type":"branch","line":366,"loc":{"start":{"line":366,"column":8},"end":{"line":368,"column":7}},"locations":[{"start":{"line":366,"column":8},"end":{"line":368,"column":7}}]},"38":{"type":"branch","line":375,"loc":{"start":{"line":375,"column":2},"end":{"line":377,"column":3}},"locations":[{"start":{"line":375,"column":2},"end":{"line":377,"column":3}}]},"39":{"type":"branch","line":382,"loc":{"start":{"line":382,"column":2},"end":{"line":395,"column":3}},"locations":[{"start":{"line":382,"column":2},"end":{"line":395,"column":3}}]},"40":{"type":"branch","line":389,"loc":{"start":{"line":389,"column":27},"end":{"line":394,"column":5}},"locations":[{"start":{"line":389,"column":27},"end":{"line":394,"column":5}}]},"41":{"type":"branch","line":390,"loc":{"start":{"line":390,"column":19},"end":{"line":390,"column":58}},"locations":[{"start":{"line":390,"column":19},"end":{"line":390,"column":58}}]},"42":{"type":"branch","line":390,"loc":{"start":{"line":390,"column":58},"end":{"line":390,"column":71}},"locations":[{"start":{"line":390,"column":58},"end":{"line":390,"column":71}}]},"43":{"type":"branch","line":390,"loc":{"start":{"line":390,"column":65},"end":{"line":391,"column":37}},"locations":[{"start":{"line":390,"column":65},"end":{"line":391,"column":37}}]},"44":{"type":"branch","line":391,"loc":{"start":{"line":391,"column":19},"end":{"line":391,"column":82}},"locations":[{"start":{"line":391,"column":19},"end":{"line":391,"column":82}}]},"45":{"type":"branch","line":391,"loc":{"start":{"line":391,"column":82},"end":{"line":391,"column":95}},"locations":[{"start":{"line":391,"column":82},"end":{"line":391,"column":95}}]},"46":{"type":"branch","line":391,"loc":{"start":{"line":391,"column":89},"end":{"line":392,"column":29}},"locations":[{"start":{"line":391,"column":89},"end":{"line":392,"column":29}}]},"47":{"type":"branch","line":392,"loc":{"start":{"line":392,"column":19},"end":{"line":392,"column":58}},"locations":[{"start":{"line":392,"column":19},"end":{"line":392,"column":58}}]},"48":{"type":"branch","line":392,"loc":{"start":{"line":392,"column":58},"end":{"line":392,"column":71}},"locations":[{"start":{"line":392,"column":58},"end":{"line":392,"column":71}}]},"49":{"type":"branch","line":392,"loc":{"start":{"line":392,"column":65},"end":{"line":393,"column":18}},"locations":[{"start":{"line":392,"column":65},"end":{"line":393,"column":18}}]},"50":{"type":"branch","line":400,"loc":{"start":{"line":400,"column":2},"end":{"line":426,"column":3}},"locations":[{"start":{"line":400,"column":2},"end":{"line":426,"column":3}}]},"51":{"type":"branch","line":413,"loc":{"start":{"line":413,"column":36},"end":{"line":414,"column":57}},"locations":[{"start":{"line":413,"column":36},"end":{"line":414,"column":57}}]},"52":{"type":"branch","line":416,"loc":{"start":{"line":416,"column":43},"end":{"line":419,"column":38}},"locations":[{"start":{"line":416,"column":43},"end":{"line":419,"column":38}}]},"53":{"type":"branch","line":417,"loc":{"start":{"line":417,"column":21},"end":{"line":418,"column":24}},"locations":[{"start":{"line":417,"column":21},"end":{"line":418,"column":24}}]},"54":{"type":"branch","line":418,"loc":{"start":{"line":418,"column":10},"end":{"line":419,"column":38}},"locations":[{"start":{"line":418,"column":10},"end":{"line":419,"column":38}}]},"55":{"type":"branch","line":421,"loc":{"start":{"line":421,"column":40},"end":{"line":423,"column":38}},"locations":[{"start":{"line":421,"column":40},"end":{"line":423,"column":38}}]},"56":{"type":"branch","line":422,"loc":{"start":{"line":422,"column":21},"end":{"line":423,"column":38}},"locations":[{"start":{"line":422,"column":21},"end":{"line":423,"column":38}}]}},"b":{"0":[1],"1":[2],"2":[21],"3":[69],"4":[1],"5":[0],"6":[13],"7":[6],"8":[7],"9":[7],"10":[0],"11":[1],"12":[5],"13":[0],"14":[1],"15":[7],"16":[1],"17":[6],"18":[0],"19":[6],"20":[0],"21":[0],"22":[1],"23":[1],"24":[2],"25":[1],"26":[0],"27":[0],"28":[1],"29":[1],"30":[0],"31":[2],"32":[7],"33":[1],"34":[7],"35":[6],"36":[6],"37":[0],"38":[1],"39":[4],"40":[46],"41":[23],"42":[21],"43":[25],"44":[12],"45":[10],"46":[15],"47":[13],"48":[6],"49":[9],"50":[1],"51":[7],"52":[7],"53":[6],"54":[6],"55":[7],"56":[0]},"fnMap":{"0":{"name":"DataRetentionService","decl":{"start":{"line":76,"column":0},"end":{"line":78,"column":69}},"loc":{"start":{"line":76,"column":0},"end":{"line":78,"column":69}},"line":76},"1":{"name":"setPolicies","decl":{"start":{"line":83,"column":2},"end":{"line":88,"column":3}},"loc":{"start":{"line":83,"column":2},"end":{"line":88,"column":3}},"line":83},"2":{"name":"getPolicy","decl":{"start":{"line":93,"column":2},"end":{"line":95,"column":3}},"loc":{"start":{"line":93,"column":2},"end":{"line":95,"column":3}},"line":93},"3":{"name":"calculateDeletionDate","decl":{"start":{"line":100,"column":2},"end":{"line":107,"column":3}},"loc":{"start":{"line":100,"column":2},"end":{"line":107,"column":3}},"line":100},"4":{"name":"scheduleDeletion","decl":{"start":{"line":112,"column":2},"end":{"line":144,"column":3}},"loc":{"start":{"line":112,"column":2},"end":{"line":144,"column":3}},"line":112},"5":{"name":"processUserDeletionRequest","decl":{"start":{"line":149,"column":2},"end":{"line":178,"column":3}},"loc":{"start":{"line":149,"column":2},"end":{"line":178,"column":3}},"line":149},"6":{"name":"approveDeletion","decl":{"start":{"line":183,"column":2},"end":{"line":200,"column":3}},"loc":{"start":{"line":183,"column":2},"end":{"line":200,"column":3}},"line":183},"7":{"name":"executePendingDeletions","decl":{"start":{"line":205,"column":2},"end":{"line":248,"column":3}},"loc":{"start":{"line":205,"column":2},"end":{"line":248,"column":3}},"line":205},"8":{"name":"executeDelete","decl":{"start":{"line":253,"column":2},"end":{"line":337,"column":3}},"loc":{"start":{"line":253,"column":2},"end":{"line":337,"column":3}},"line":253},"9":{"name":"getNextDeletionWindow","decl":{"start":{"line":342,"column":10},"end":{"line":352,"column":3}},"loc":{"start":{"line":342,"column":10},"end":{"line":352,"column":3}},"line":342},"10":{"name":"cleanupCompletedRequests","decl":{"start":{"line":357,"column":10},"end":{"line":370,"column":3}},"loc":{"start":{"line":357,"column":10},"end":{"line":370,"column":3}},"line":357},"11":{"name":"getRequestStatus","decl":{"start":{"line":375,"column":2},"end":{"line":377,"column":3}},"loc":{"start":{"line":375,"column":2},"end":{"line":377,"column":3}},"line":375},"12":{"name":"listPendingRequests","decl":{"start":{"line":382,"column":2},"end":{"line":395,"column":3}},"loc":{"start":{"line":382,"column":2},"end":{"line":395,"column":3}},"line":382},"13":{"name":"generateRetentionReport","decl":{"start":{"line":400,"column":2},"end":{"line":426,"column":3}},"loc":{"start":{"line":400,"column":2},"end":{"line":426,"column":3}},"line":400}},"f":{"0":1,"1":2,"2":21,"3":1,"4":13,"5":1,"6":0,"7":1,"8":6,"9":7,"10":1,"11":1,"12":4,"13":1}}
,"C:\\software\\cyberdocgen\\server\\services\\riskAssessment.ts": {"path":"C:\\software\\cyberdocgen\\server\\services\\riskAssessment.ts","all":false,"statementMap":{"3":{"start":{"line":4,"column":0},"end":{"line":4,"column":41}},"4":{"start":{"line":5,"column":0},"end":{"line":5,"column":66}},"79":{"start":{"line":80,"column":0},"end":{"line":80,"column":36}},"84":{"start":{"line":85,"column":0},"end":{"line":85,"column":33}},"85":{"start":{"line":86,"column":0},"end":{"line":86,"column":35}},"86":{"start":{"line":87,"column":0},"end":{"line":87,"column":25}},"87":{"start":{"line":88,"column":0},"end":{"line":88,"column":32}},"88":{"start":{"line":89,"column":0},"end":{"line":89,"column":36}},"90":{"start":{"line":91,"column":0},"end":{"line":91,"column":88}},"93":{"start":{"line":94,"column":0},"end":{"line":94,"column":37}},"94":{"start":{"line":95,"column":0},"end":{"line":95,"column":38}},"95":{"start":{"line":96,"column":0},"end":{"line":96,"column":37}},"96":{"start":{"line":97,"column":0},"end":{"line":97,"column":42}},"97":{"start":{"line":98,"column":0},"end":{"line":98,"column":92}},"98":{"start":{"line":99,"column":0},"end":{"line":99,"column":78}},"99":{"start":{"line":100,"column":0},"end":{"line":100,"column":82}},"101":{"start":{"line":102,"column":0},"end":{"line":102,"column":54}},"102":{"start":{"line":103,"column":0},"end":{"line":103,"column":75}},"121":{"start":{"line":122,"column":0},"end":{"line":122,"column":9}},"122":{"start":{"line":123,"column":0},"end":{"line":123,"column":67}},"123":{"start":{"line":124,"column":0},"end":{"line":124,"column":42}},"124":{"start":{"line":125,"column":0},"end":{"line":125,"column":25}},"125":{"start":{"line":126,"column":0},"end":{"line":126,"column":20}},"126":{"start":{"line":127,"column":0},"end":{"line":127,"column":23}},"127":{"start":{"line":128,"column":0},"end":{"line":128,"column":35}},"128":{"start":{"line":129,"column":0},"end":{"line":129,"column":10}},"129":{"start":{"line":130,"column":0},"end":{"line":130,"column":9}},"131":{"start":{"line":132,"column":0},"end":{"line":132,"column":59}},"133":{"start":{"line":134,"column":0},"end":{"line":134,"column":11}},"134":{"start":{"line":135,"column":0},"end":{"line":135,"column":38}},"135":{"start":{"line":136,"column":0},"end":{"line":136,"column":15}},"136":{"start":{"line":137,"column":0},"end":{"line":137,"column":84}},"137":{"start":{"line":138,"column":0},"end":{"line":138,"column":7}},"138":{"start":{"line":139,"column":0},"end":{"line":139,"column":21}},"139":{"start":{"line":140,"column":0},"end":{"line":140,"column":53}},"140":{"start":{"line":141,"column":0},"end":{"line":141,"column":59}},"141":{"start":{"line":142,"column":0},"end":{"line":142,"column":5}},"142":{"start":{"line":143,"column":0},"end":{"line":143,"column":3}},"147":{"start":{"line":148,"column":0},"end":{"line":148,"column":31}},"148":{"start":{"line":149,"column":0},"end":{"line":149,"column":21}},"149":{"start":{"line":150,"column":0},"end":{"line":150,"column":24}},"150":{"start":{"line":151,"column":0},"end":{"line":151,"column":24}},"151":{"start":{"line":152,"column":0},"end":{"line":152,"column":32}},"153":{"start":{"line":154,"column":0},"end":{"line":154,"column":67}},"155":{"start":{"line":156,"column":0},"end":{"line":156,"column":21}},"156":{"start":{"line":157,"column":0},"end":{"line":157,"column":28}},"157":{"start":{"line":158,"column":0},"end":{"line":158,"column":42}},"173":{"start":{"line":174,"column":0},"end":{"line":174,"column":9}},"174":{"start":{"line":175,"column":0},"end":{"line":175,"column":72}},"175":{"start":{"line":176,"column":0},"end":{"line":176,"column":25}},"176":{"start":{"line":177,"column":0},"end":{"line":177,"column":60}},"177":{"start":{"line":178,"column":0},"end":{"line":178,"column":49}},"178":{"start":{"line":179,"column":0},"end":{"line":179,"column":24}},"179":{"start":{"line":180,"column":0},"end":{"line":180,"column":9}},"181":{"start":{"line":182,"column":0},"end":{"line":182,"column":77}},"182":{"start":{"line":183,"column":0},"end":{"line":183,"column":40}},"183":{"start":{"line":184,"column":0},"end":{"line":184,"column":21}},"184":{"start":{"line":185,"column":0},"end":{"line":185,"column":53}},"185":{"start":{"line":186,"column":0},"end":{"line":186,"column":60}},"186":{"start":{"line":187,"column":0},"end":{"line":187,"column":5}},"187":{"start":{"line":188,"column":0},"end":{"line":188,"column":3}},"192":{"start":{"line":193,"column":0},"end":{"line":193,"column":37}},"193":{"start":{"line":194,"column":0},"end":{"line":194,"column":22}},"194":{"start":{"line":195,"column":0},"end":{"line":195,"column":35}},"195":{"start":{"li
[...]
}},"110":{"start":{"line":111,"column":0},"end":{"line":111,"column":53}},"111":{"start":{"line":112,"column":0},"end":{"line":112,"column":60}},"112":{"start":{"line":113,"column":0},"end":{"line":113,"column":5}},"114":{"start":{"line":115,"column":0},"end":{"line":115,"column":21}},"115":{"start":{"line":116,"column":0},"end":{"line":116,"column":3}},"118":{"start":{"line":119,"column":0},"end":{"line":119,"column":82}},"119":{"start":{"line":120,"column":0},"end":{"line":120,"column":47}},"120":{"start":{"line":121,"column":0},"end":{"line":121,"column":56}},"123":{"start":{"line":124,"column":0},"end":{"line":124,"column":46}},"124":{"start":{"line":125,"column":0},"end":{"line":125,"column":69}},"126":{"start":{"line":127,"column":0},"end":{"line":127,"column":34}},"127":{"start":{"line":128,"column":0},"end":{"line":128,"column":16}},"128":{"start":{"line":129,"column":0},"end":{"line":129,"column":12}},"129":{"start":{"line":130,"column":0},"end":{"line":130,"column":31}},"130":{"start":{"line":131,"column":0},"end":{"line":131,"column":25}},"131":{"start":{"line":132,"column":0},"end":{"line":132,"column":12}},"132":{"start":{"line":133,"column":0},"end":{"line":133,"column":29}},"133":{"start":{"line":134,"column":0},"end":{"line":134,"column":6}},"136":{"start":{"line":137,"column":0},"end":{"line":137,"column":80}},"139":{"start":{"line":140,"column":0},"end":{"line":140,"column":14}},"140":{"start":{"line":141,"column":0},"end":{"line":141,"column":54}},"141":{"start":{"line":142,"column":0},"end":{"line":142,"column":52}},"142":{"start":{"line":143,"column":0},"end":{"line":143,"column":82}},"144":{"start":{"line":145,"column":0},"end":{"line":145,"column":53}},"145":{"start":{"line":146,"column":0},"end":{"line":146,"column":53}},"146":{"start":{"line":147,"column":0},"end":{"line":147,"column":43}},"147":{"start":{"line":148,"column":0},"end":{"line":148,"column":5}},"150":{"start":{"line":151,"column":0},"end":{"line":151,"column":63}},"151":{"start":{"line":152,"column":0},"end":{"line":152,"column":55}},"152":{"start":{"line":153,"column":0},"end":{"line":153,"column":5}},"155":{"start":{"line":156,"column":0},"end":{"line":156,"column":47}},"156":{"start":{"line":157,"column":0},"end":{"line":157,"column":62}},"159":{"start":{"line":160,"column":0},"end":{"line":160,"column":77}},"160":{"start":{"line":161,"column":0},"end":{"line":161,"column":13}},"161":{"start":{"line":162,"column":0},"end":{"line":162,"column":5}},"163":{"start":{"line":164,"column":0},"end":{"line":164,"column":20}},"164":{"start":{"line":165,"column":0},"end":{"line":165,"column":26}},"165":{"start":{"line":166,"column":0},"end":{"line":166,"column":38}},"166":{"start":{"line":167,"column":0},"end":{"line":167,"column":14}},"167":{"start":{"line":168,"column":0},"end":{"line":168,"column":25}},"168":{"start":{"line":169,"column":0},"end":{"line":169,"column":37}},"169":{"start":{"line":170,"column":0},"end":{"line":170,"column":14}},"170":{"start":{"line":171,"column":0},"end":{"line":171,"column":25}},"171":{"start":{"line":172,"column":0},"end":{"line":172,"column":37}},"172":{"start":{"line":173,"column":0},"end":{"line":173,"column":14}},"173":{"start":{"line":174,"column":0},"end":{"line":174,"column":26}},"174":{"start":{"line":175,"column":0},"end":{"line":175,"column":38}},"175":{"start":{"line":176,"column":0},"end":{"line":176,"column":14}},"176":{"start":{"line":177,"column":0},"end":{"line":177,"column":14}},"177":{"start":{"line":178,"column":0},"end":{"line":178,"column":36}},"178":{"start":{"line":179,"column":0},"end":{"line":179,"column":5}},"181":{"start":{"line":182,"column":0},"end":{"line":182,"column":31}},"184":{"start":{"line":185,"column":0},"end":{"line":185,"column":40}},"185":{"start":{"line":186,"column":0},"end":{"line":186,"column":52}},"186":{"start":{"line":187,"column":0},"end":{"line":187,"column":5}},"187":{"start":{"line":188,"column":0},"end":{"line":188,"column":3}},"190":{"start":{"line":191,"column":0},"end":{"line":191,"column":59}},"191":{"start":{"line":192,"column":0},"end":{"line":192,"column":9}},"192":{"start":{"line":193,"column":0},"end":{"line":193,"column":49}},"193":{"start":{"line":194,"column":0},"end":{"line":194,"column":58}},"196":{"start":{"line":197,"column":0},"end":{"line":197,"column":48}},"197":{"start":{"line":198,"column":0},"end":{"line":198,"column":71}},"199":{"start":{"line":200,"column":0},"end":{"line":200,"column":36}},"200":{"start":{"line":201,"column":0},"end":{"line":201,"column":18}},"201":{"start":{"line":202,"column":0},"end":{"line":202,"column":69}},"202":{"start":{"line":203,"column":0},"end":{"line":203,"column":33}},"203":{"start":{"line":204,"column":0},"end":{"line":204,"column":27}},"204":{"start":{"line":205,"column":0},"end":{"line":205,"column":14}},"205":{"start":{"line":206,"column":0},"end":{"line":206,"column":31}},"206":{"start":{"line":207,"column":0},"end":{"line":207,"column":8}},"209":{"start":{"line":210,"column":0},"end":{"line":210,"column":65}},"212":{"start":{"line":213,"column":0},"end":{"line":213,"column":16}},"213":{"start":{"line":214,"column":0},"end":{"line":214,"column":56}},"214":{"start":{"line":215,"column":0},"end":{"line":215,"column":54}},"215":{"start":{"line":216,"column":0},"end":{"line":216,"column":84}},"217":{"start":{"line":218,"column":0},"end":{"line":218,"column":55}},"218":{"start":{"line":219,"column":0},"end":{"line":219,"column":55}},"219":{"start":{"line":220,"column":0},"end":{"line":220,"column":45}},"220":{"start":{"line":221,"column":0},"end":{"line":221,"column":7}},"223":{"start":{"line":224,"column":0},"end":{"line":224,"column":65}},"224":{"start":{"line":225,"column":0},"end":{"line":225,"column":57}},"225":{"start":{"line":226,"column":0},"end":{"line":226,"column":7}},"228":{"start":{"line":229,"column":0},"end":{"line":229,"column":53}},"229":{"start":{"line":230,"column":0},"end":{"line":230,"column":56}},"232":{"start":{"line":233,"column":0},"end":{"line":233,"column":33}},"235":{"start":{"line":236,"column":0},"end":{"line":236,"column":42}},"236":{"start":{"line":237,"column":0},"end":{"line":237,"column":54}},"237":{"start":{"line":238,"column":0},"end":{"line":238,"column":7}},"240":{"start":{"line":241,"column":0},"end":{"line":241,"column":50}},"242":{"start":{"line":243,"column":0},"end":{"line":243,"column":58}},"243":{"start":{"line":244,"column":0},"end":{"line":244,"column":7}},"244":{"start":{"line":245,"column":0},"end":{"line":245,"column":17}},"246":{"start":{"line":247,"column":0},"end":{"line":247,"column":56}},"247":{"start":{"line":248,"column":0},"end":{"line":248,"column":5}},"248":{"start":{"line":249,"column":0},"end":{"line":249,"column":3}},"250":{"start":{"line":251,"column":0},"end":{"line":251,"column":77}},"253":{"start":{"line":254,"column":0},"end":{"line":254,"column":51}},"254":{"start":{"line":255,"column":0},"end":{"line":255,"column":3}},"256":{"start":{"line":257,"column":0},"end":{"line":257,"column":77}},"259":{"start":{"line":260,"column":0},"end":{"line":260,"column":51}},"260":{"start":{"line":261,"column":0},"end":{"line":261,"column":3}},"262":{"start":{"line":263,"column":0},"end":{"line":263,"column":78}},"265":{"start":{"line":266,"column":0},"end":{"line":266,"column":52}},"266":{"start":{"line":267,"column":0},"end":{"line":267,"column":3}},"269":{"start":{"line":270,"column":0},"end":{"line":270,"column":111}},"270":{"start":{"line":271,"column":0},"end":{"line":271,"column":50}},"271":{"start":{"line":272,"column":0},"end":{"line":272,"column":13}},"272":{"start":{"line":273,"column":0},"end":{"line":273,"column":15}},"273":{"start":{"line":274,"column":0},"end":{"line":274,"column":13}},"274":{"start":{"line":275,"column":0},"end":{"line":275,"column":17}},"275":{"start":{"line":276,"column":0},"end":{"line":276,"column":12}},"276":{"start":{"line":277,"column":0},"end":{"line":277,"column":3}},"279":{"start":{"line":280,"column":0},"end":{"line":280,"column":116}},"280":{"start":{"line":281,"column":0},"end":{"line":281,"column":111}},"283":{"start":{"line":284,"column":0},"end":{"line":284,"column":43}},"284":{"start":{"line":285,"column":0},"end":{"line":285,"column":12}},"285":{"start":{"line":286,"column":0},"end":{"line":286,"column":15}},"286":{"start":{"line":287,"column":0},"end":{"line":287,"column":17}},"287":{"start":{"line":288,"column":0},"end":{"line":288,"column":12}},"288":{"start":{"line":289,"column":0},"end":{"line":289,"column":3}},"289":{"start":{"line":290,"column":0},"end":{"line":290,"column":1}},"291":{"start":{"line":292,"column":0},"end":{"line":292,"column":35}}},"s":{"1":1,"3":1,"4":1,"5":1,"6":1,"7":1,"11":1,"12":1,"14":1,"16":1,"17":1,"19":1,"21":1,"22":1,"23":1,"25":1,"26":1,"29":160,"30":160,"31":160,"32":1440,"33":1440,"34":160,"35":160,"38":181,"39":181,"40":0,"41":0,"42":181,"43":110,"44":110,"45":181,"46":0,"47":0,"48":181,"49":50,"50":50,"52":131,"53":0,"54":131,"55":131,"56":131,"57":131,"58":50,"59":50,"60":21,"61":21,"84":3,"85":3,"86":3,"89":1,"90":44,"91":44,"92":44,"93":44,"94":44,"95":44,"96":44,"97":44,"99":1,"100":0,"102":0,"104":0,"105":0,"106":0,"108":0,"110":0,"111":0,"112":0,"114":0,"115":0,"118":1,"119":44,"120":44,"123":44,"124":44,"126":44,"127":44,"128":44,"129":44,"130":44,"131":44,"132":44,"133":44,"136":44,"139":44,"140":0,"141":0,"142":0,"144":0,"145":0,"146":0,"147":0,"150":44,"151":44,"152":44,"155":44,"156":44,"159":44,"160":0,"161":0,"163":44,"164":44,"165":0,"166":0,"167":44,"168":1,"169":1,"170":44,"171":43,"172":43,"173":44,"174":0,"175":0,"176":44,"177":0,"178":44,"181":44,"184":44,"185":0,"186":0,"187":44,"190":1,"191":6,"192":6,"193":6,"196":6,"197":6,"199":6,"200":6,"201":6,"202":6,"203":6,"204":6,"205":6,"206":6,"209":6,"212":6,"213":0,"214":0,"215":0,"217":0,"218":0,"219":0,"220":0,"223":6,"224":4,"225":4,"228":6,"229":6,"232":6,"235":6,"236":0,"237":0,"240":6,"242":0,"243":0,"244":6,"246":0,"247":0,"248":6,"250":1,"253":1,"254":1,"256":1,"259":43,"260":43,"262":1,"265":0,"266":0,"269":1,"270":0,"271":0,"272":0,"273":0,"274":0,"275":0,"276":0,"279":1,"280":0,"283":0,"284":0,"285":0,"286":0,"287":0,"288":0,"289":1,"291":1},"branchMap":{"0":{"type":"branch","line":4,"loc":{"start":{"line":4,"column":7},"end":{"line":4,"column":22}},"locations":[{"start":{"line":4,"column":7},"end":{"line":4,"column":22}}]},"1":{"type":"branch","line":30,"loc":{"start":{"line":30,"column":0},"end":{"line":36,"column":1}},"locations":[{"start":{"line":30,"column":0},"end":{"line":36,"column":1}}]},"2":{"type":"branch","line":32,"loc":{"start":{"line":32,"column":55},"end":{"line":34,"column":3}},"locations":[{"start":{"line":32,"column":55},"end":{"line":34,"column":3}}]},"3":{"type":"branch","line":39,"loc":{"start":{"line":39,"column":0},"end":{"line":62,"column":1}},"locations":[{"start":{"line":39,"column":0},"end":{"line":62,"column":1}}]},"4":{"type":"branch","line":40,"loc":{"start":{"line":40,"column":41},"end":{"line":42,"column":3}},"locations":[{"start":{"line":40,"column":41},"end":{"line":42,"column":3}}]},"5":{"type":"branch","line":43,"loc":{"start":{"line":43,"column":31},"end":{"line":45,"column":3}},"locations":[{"start":{"line":43,"column":31},"end":{"line":45,"column":3}}]},"6":{"type":"branch","line":45,"loc":{"start":{"line":45,"column":2},"end":{"line":46,"column":26}},"locations":[{"start":{"line":45,"column":2},"end":{"line":46,"column":26}}]},"7":{"type":"branch","line":46,"loc":{"start":{"line":46,"column":26},"end":{"line":48,"column":3}},"locations":[{"start":{"line":46,"column":26},"end":{"line":48,"column":3}}]},"8":{"type":"branch","line":48,"loc":{"start":{"line":48,"column":2},"end":{"line":49,"column":31}},"locations":[{"start":{"line":48,"column":2},"end":{"line":49,"column":31}}]},"9":{"type":"branch","line":49,"loc":{"start":{"line":49,"column":31},"end":{"line":60,"column":3}},"locations":[{"start":{"line":49,"column":31},"end":{"line":60,"column":3}}]},"10":{"type":"branch","line":51,"loc":{"start":{"line":51,"column":52},"end":{"line":58,"column":5}},"locations":[{"start":{"line":51,"column":52},"end":{"line":58,"column":5}}]},"11":{"type":"branch","line":53,"loc":{"start":{"line":53,"column":82},"end":{"line":55,"column":13}},"locations":[{"start":{"line":53,"column":82},"end":{"line":55,"column":13}}]},"12":{"type":"branch","line":60,"loc":{"start":{"line":60,"column":2},"end":{"line":62,"column":1}},"locations":[{"start":{"line":60,"column":2},"end":{"line":62,"column":1}}]},"13":{"type":"branch","line":85,"loc":{"start":{"line":85,"column":0},"end":{"line":87,"column":65}},"locations":[{"start":{"line":85,"column":0},"end":{"line":87,"column":65}}]},"14":{"type":"branch","line":90,"loc":{"start":{"line":90,"column":10},"end":{"line":98,"column":3}},"locations":[{"start":{"line":90,"column":10},"end":{"line":98,"column":3}}]},"15":{"type":"branch","line":92,"loc":{"start":{"line":92,"column":6},"end":{"line":92,"column":52}},"locations":[{"start":{"line":92,"column":6},"end":{"line":92,"column":52}}]},"16":{"type":"branch","line":93,"loc":{"start":{"line":93,"column":6},"end":{"line":93,"column":54}},"locations":[{"start":{"line":93,"column":6},"end":{"line":93,"column":54}}]},"17":{"type":"branch","line":94,"loc":{"start":{"line":94,"column":6},"end":{"line":94,"column":53}},"locations":[{"start":{"line":94,"column":6},"end":{"line":94,"column":53}}]},"18":{"type":"branch","line":95,"loc":{"start":{"line":95,"column":6},"end":{"line":95,"column":53}},"locations":[{"start":{"line":95,"column":6},"end":{"line":95,"column":53}}]},"19":{"type":"branch","line":96,"loc":{"start":{"line":96,"column":6},"end":{"line":96,"column":25}},"locations":[{"start":{"line":96,"column":6},"end":{"line":96,"column":25}}]},"20":{"type":"branch","line":119,"loc":{"start":{"line":119,"column":10},"end":{"line":188,"column":3}},"locations":[{"start":{"line":119,"column":10},"end":{"line":188,"column":3}}]},"21":{"type":"branch","line":125,"loc":{"start":{"line":125,"column":55},"end":{"line":125,"column":69}},"locations":[{"start":{"line":125,"column":55},"end":{"line":125,"column":69}}]},"22":{"type":"branch","line":140,"loc":{"start":{"line":140,"column":13},"end":{"line":148,"column":5}},"locations":[{"start":{"line":140,"column":13},"end":{"line":148,"column":5}}]},"23":{"type":"branch","line":160,"loc":{"start":{"line":160,"column":18},"end":{"line":160,"column":76}},"locations":[{"start":{"line":160,"column":18},"end":{"line":160,"column":76}}]},"24":{"type":"branch","line":160,"loc":{"start":{"line":160,"column":76},"end":{"line":162,"column":5}},"locations":[{"start":{"line":160,"column":76},"end":{"line":162,"column":5}}]},"25":{"type":"branch","line":165,"loc":{"start":{"line":165,"column":6},"end":{"line":167,"column":14}},"locations":[{"start":{"line":165,"column":6},"end":{"line":167,"column":14}}]},"26":{"type":"branch","line":168,"loc":{"start":{"line":168,"column":6},"end":{"line":170,"column":14}},"locations":[{"start":{"line":168,"column":6},"end":{"line":170,"column":14}}]},"27":{"type":"branch","line":171,"loc":{"start":{"line":171,"column":6},"end":{"line":173,"column":14}},"locations":[{"start":{"line":171,"column":6},"end":{"line":173,"column":14}}]},"28":{"type":"branch","line":174,"loc":{"start":{"line":174,"column":6},"end":{"line":176,"column":14}},"locations":[{"start":{"line":174,"column":6},"end":{"line":176,"column":14}}]},"29":{"type":"branch","line":177,"loc":{"start":{"line":177,"column":6},"end":{"line":178,"column":36}},"locations":[{"start":{"line":177,"column":6},"end":{"line":178,"column":36}}]},"30":{"type":"branch","line":185,"loc":{"start":{"line":185,"column":39},"end":{"line":187,"column":5}},"locations":[{"start":{"line":185,"column":39},"end":{"line":187,"column":5}}]},"31":{"type":"branch","line":191,"loc":{"start":{"line":191,"column":2},"end":{"line":249,"column":3}},"locations":[{"start":{"line":191,"column":2},"end":{"line":249,"column":3}}]},"32":{"type":"branch","line":198,"loc":{"start":{"line":198,"column":57},"end":{"line":198,"column":71}},"locations":[{"start":{"line":198,"column":57},"end":{"line":198,"column":71}}]},"33":{"type":"branch","line":213,"loc":{"start":{"line":213,"column":15},"end":{"line":221,"column":7}},"locations":[{"start":{"line":213,"column":15},"end":{"line":221,"column":7}}]},"34":{"type":"branch","line":224,"loc":{"start":{"line":224,"column":64},"end":{"line":226,"column":7}},"locations":[{"start":{"line":224,"column":64},"end":{"line":226,"column":7}}]},"35":{"type":"branch","line":236,"loc":{"start":{"line":236,"column":41},"end":{"line":238,"column":7}},"locations":[{"start":{"line":236,"column":41},"end":{"line":238,"column":7}}]},"36":{"type":"branch","line":241,"loc":{"start":{"line":241,"column":49},"end":{"line":244,"column":7}},"locations":[{"start":{"line":241,"column":49},"end":{"line":244,"column":7}}]},"37":{"type":"branch","line":245,"loc":{"start":{"line":245,"column":4},"end":{"line":248,"column":5}},"locations":[{"start":{"line":245,"column":4},"end":{"line":248,"column":5}}]},"38":{"type":"branch","line":251,"loc":{"start":{"line":251,"column":2},"end":{"line":255,"column":3}},"locations":[{"start":{"line":251,"column":2},"end":{"line":255,"column":3}}]},"39":{"type":"branch","line":257,"loc":{"start":{"line":257,"column":2},"end":{"line":261,"column":3}},"locations":[{"start":{"line":257,"column":2},"end":{"line":261,"column":3}}]}},"b":{"0":[3],"1":[160],"2":[1440],"3":[181],"4":[0],"5":[110],"6":[71],"7":[0],"8":[71],"9":[50],"10":[131],"11":[0],"12":[21],"13":[3],"14":[44],"15":[0],"16":[1],"17":[43],"18":[0],"19":[0],"20":[44],"21":[0],"22":[0],"23":[0],"24":[0],"25":[0],"26":[1],"27":[43],"28":[0],"29":[0],"30":[0],"31":[6],"32":[0],"33":[0],"34":[4],"35":[0],"36":[0],"37":[0],"38":[1],"39":[43]},"fnMap":{"0":{"name":"scrubPII","decl":{"start":{"line":30,"column":0},"end":{"line":36,"column":1}},"loc":{"start":{"line":30,"column":0},"end":{"line":36,"column":1}},"line":30},"1":{"name":"scrubPIIFromObject","decl":{"start":{"line":39,"column":0},"end":{"line":62,"column":1}},"loc":{"start":{"line":39,"column":0},"end":{"line":62,"column":1}},"line":39},"2":{"name":"Logger","decl":{"start":{"line":85,"column":0},"end":{"line":87,"column":65}},"loc":{"start":{"line":85,"column":0},"end":{"line":87,"column":65}},"line":85},"3":{"name":"getColorCode","decl":{"start":{"line":90,"column":10},"end":{"line":98,"column":3}},"loc":{"start":{"line":90,"column":10},"end":{"line":98,"column":3}},"line":90},"4":{"name":"formatLog","decl":{"start":{"line":100,"column":10},"end":{"line":116,"column":3}},"loc":{"start":{"line":100,"column":10},"end":{"line":116,"column":3}},"line":100},"5":{"name":"log","decl":{"start":{"line":119,"column":10},"end":{"line":188,"column":3}},"loc":{"start":{"line":119,"column":10},"end":{"line":188,"column":3}},"line":119},"6":{"name":"error","decl":{"start":{"line":191,"column":2},"end":{"line":249,"column":3}},"loc":{"start":{"line":191,"column":2},"end":{"line":249,"column":3}},"line":191},"7":{"name":"warn","decl":{"start":{"line":251,"column":2},"end":{"line":255,"column":3}},"loc":{"start":{"line":251,"column":2},"end":{"line":255,"column":3}},"line":251},"8":{"name":"info","decl":{"start":{"line":257,"column":2},"end":{"line":261,"column":3}},"loc":{"start":{"line":257,"column":2},"end":{"line":261,"column":3}},"line":257},"9":{"name":"debug","decl":{"start":{"line":263,"column":2},"end":{"line":267,"column":3}},"loc":{"start":{"line":263,"column":2},"end":{"line":267,"column":3}},"line":263},"10":{"name":"audit","decl":{"start":{"line":270,"column":2},"end":{"line":277,"column":3}},"loc":{"start":{"line":270,"column":2},"end":{"line":277,"column":3}},"line":270},"11":{"name":"security","decl":{"start":{"line":280,"column":2},"end":{"line":289,"column":3}},"loc":{"start":{"line":280,"column":2},"end":{"line":289,"column":3}},"line":280}},"f":{"0":160,"1":181,"2":3,"3":44,"4":0,"5":44,"6":6,"7":1,"8":43,"9":0,"10":0,"11":0}}
}
